<testsuites tests="387" failures="7" disabled="9" time="28.599833">
	<testsuite tests="1" time="0.766530" errors="0" failures="1" skipped="0" timestamp="2022-04-07T15:59:29.3002933Z" name="WorkTech.Domain.Unit.Tests.BusinessObjects.">
		<testcase name="Field_names_should_map_to_business_object" assertions="24" time="0.760046" status="Failed" classname="WorkTech.Domain.Unit.Tests.BusinessObjects.BusinessObjectStructMappingFixture">
			<failure message="Expected columnNames to be a collection with 36 item(s), but {&quot;IdWorker&quot;, &quot;StartDate&quot;, &quot;IdBu&quot;, &quot;CrewGroup&quot;, &quot;IdCrew&quot;, &quot;FinishDate&quot;, &quot;Role&quot;, &quot;Memo&quot;, &quot;Str01&quot;, &quot;Str02&quot;, &quot;Str03&quot;, &quot;Str04&quot;, &quot;Str05&quot;, &quot;Str06&quot;, &quot;Str07&quot;, &quot;Str08&quot;, &quot;Str09&quot;, &quot;Str10&quot;, &quot;Date01&quot;, &quot;Date02&quot;, &quot;Date03&quot;, &quot;Date04&quot;, &quot;Date05&quot;, &quot;Num01&quot;, &quot;Num02&quot;, &quot;Num03&quot;, &quot;Num04&quot;, &quot;Num05&quot;, &quot;File01&quot;, &quot;File02&quot;, &quot;File03&quot;, &quot;File04&quot;, …3 more…}&quot;&#xD;&#xA;&quot;contains 1 item(s) less than&quot;&#xD;&#xA;&quot;{&quot;IdWorker&quot;, &quot;StartDate&quot;, &quot;IdBu&quot;, &quot;CrewGroup&quot;, &quot;IdCrew&quot;, &quot;CrewDescription&quot;, &quot;FinishDate&quot;, &quot;Role&quot;, &quot;Memo&quot;, &quot;Str01&quot;, &quot;Str02&quot;, &quot;Str03&quot;, &quot;Str04&quot;, &quot;Str05&quot;, &quot;Str06&quot;, &quot;Str07&quot;, &quot;Str08&quot;, &quot;Str09&quot;, &quot;Str10&quot;, &quot;Date01&quot;, &quot;Date02&quot;, &quot;Date03&quot;, &quot;Date04&quot;, &quot;Date05&quot;, &quot;Num01&quot;, &quot;Num02&quot;, &quot;Num03&quot;, &quot;Num04&quot;, &quot;Num05&quot;, &quot;File01&quot;, &quot;File02&quot;, &quot;File03&quot;, …4 more…}.&#xD;&#xA;&#xD;&#xA;With configuration:&#xD;&#xA;- Use declared types and members&#xD;&#xA;- Compare enums by value&#xD;&#xA;- Compare tuples by their properties&#xD;&#xA;- Compare anonymous types by their properties&#xD;&#xA;- Compare records by their members&#xD;&#xA;- Include all non-private properties&#xD;&#xA;- Include all non-private fields&#xD;&#xA;- Match member by name (or throw)&#xD;&#xA;- Be strict about the order of items in byte arrays&#xD;&#xA;- Without automatic conversion.&#xD;&#xA;">
				at FluentAssertions.Execution.LateBoundTestFramework.Throw(String message) in /_/Src/FluentAssertions/Execution/LateBoundTestFramework.cs:line 20
				at FluentAssertions.Execution.CollectingAssertionStrategy.ThrowIfAny(IDictionary`2 context) in /_/Src/FluentAssertions/Execution/CollectingAssertionStrategy.cs:line 50
				at FluentAssertions.Equivalency.EquivalencyValidator.AssertEquality(Comparands comparands, EquivalencyValidationContext context) in /_/Src/FluentAssertions/Equivalency/EquivalencyValidator.cs:line 27
				at FluentAssertions.Collections.StringCollectionAssertions`2.BeEquivalentTo(IEnumerable`1 expectation, Func`2 config, String because, Object[] becauseArgs) in /_/Src/FluentAssertions/Collections/StringCollectionAssertions.cs:line 141
				at FluentAssertions.Collections.StringCollectionAssertions`2.BeEquivalentTo(IEnumerable`1 expectation, String because, Object[] becauseArgs) in /_/Src/FluentAssertions/Collections/StringCollectionAssertions.cs:line 95
				at WorkTech.Domain.Unit.Tests.BusinessObjects.BusinessObjectStructMappingFixture.AssertFieldNamesMatchPropertyNames(TableStructure table, Type wtType) in C:\Users\hmarok\core_WorkTech5\Develop\Tests\WorkTech.Domain.Test.Unit\BusinessObjects\BusinessObjectStructMappingFixture.cs:line 50
				at WorkTech.Domain.Unit.Tests.BusinessObjects.BusinessObjectStructMappingFixture.&lt;&gt;c__DisplayClass2_0.&lt;Field_names_should_map_to_business_object&gt;b__0() in C:\Users\hmarok\core_WorkTech5\Develop\Tests\WorkTech.Domain.Test.Unit\BusinessObjects\BusinessObjectStructMappingFixture.cs:line 37
				at NUnit.Framework.Assert.Multiple(TestDelegate testDelegate)
				at WorkTech.Domain.Unit.Tests.BusinessObjects.BusinessObjectStructMappingFixture.Field_names_should_map_to_business_object() in C:\Users\hmarok\core_WorkTech5\Develop\Tests\WorkTech.Domain.Test.Unit\BusinessObjects\BusinessObjectStructMappingFixture.cs:line 32
			</failure>
		</testcase>
	</testsuite>
	<testsuite tests="8" time="0.073953" errors="0" failures="0" skipped="0" timestamp="2022-04-07T15:59:30.0680583Z" name="WorkTech.Domain.Unit.Tests.DataAccess.Utility.">
		<testcase name="MultipleColumns_MultipleItemsInList_ShouldSucceed" assertions="1" time="0.048307" status="Passed" classname="WorkTech.Domain.Unit.Tests.DataAccess.Utility.CompositeInClauseFixture" />
		<testcase name="SingleColumn_SingleItemInList_ShouldSucceed" assertions="1" time="0.000285" status="Passed" classname="WorkTech.Domain.Unit.Tests.DataAccess.Utility.CompositeInClauseFixture" />
		<testcase name="ValidCompositeKeys_NoIds_ShouldThrow" assertions="1" time="0.016421" status="Passed" classname="WorkTech.Domain.Unit.Tests.DataAccess.Utility.CompositeInClauseFixture" />
		<testcase name="ValidCompositeKeys_NullIdList_ShouldThrow" assertions="1" time="0.002796" status="Passed" classname="WorkTech.Domain.Unit.Tests.DataAccess.Utility.CompositeInClauseFixture" />
		<testcase name="ValidCompositeKeyValues_BlankColumnName_ShouldThrow" assertions="1" time="0.001491" status="Passed" classname="WorkTech.Domain.Unit.Tests.DataAccess.Utility.CompositeInClauseFixture" />
		<testcase name="ValidCompositeKeyValues_MismatchingCardinality_ShouldThrow" assertions="1" time="0.001460" status="Passed" classname="WorkTech.Domain.Unit.Tests.DataAccess.Utility.CompositeInClauseFixture" />
		<testcase name="ValidCompositeKeyValues_NoColumns_ShouldThrow" assertions="1" time="0.001415" status="Passed" classname="WorkTech.Domain.Unit.Tests.DataAccess.Utility.CompositeInClauseFixture" />
		<testcase name="ValidCompositeKeyValues_NullComparePart_ShouldThrow" assertions="1" time="0.001386" status="Passed" classname="WorkTech.Domain.Unit.Tests.DataAccess.Utility.CompositeInClauseFixture" />
	</testsuite>
	<testsuite tests="23" time="0.023633" errors="0" failures="0" skipped="0" timestamp="2022-04-07T15:59:30.1427206Z" name="WorkTech.Domain.Unit.Tests.DataAccess.Utility.">
		<testcase name="Finds_expected_parameters_from_full_example" assertions="1" time="0.000279" status="Passed" classname="WorkTech.Domain.Unit.Tests.DataAccess.Utility.SqlParserFixture`1" />
	</testsuite>
	<testsuite tests="7" time="0.018304" errors="0" failures="0" skipped="0" timestamp="2022-04-07T15:59:30.1427206Z" name="WorkTech.Domain.Unit.Tests.DataAccess.Utility.">
		<testcase name="Does_not_find_parameters(null)" assertions="1" time="0.015296" status="Passed" classname="WorkTech.Domain.Unit.Tests.DataAccess.Utility.SqlParserFixture`1" />
		<testcase name="Does_not_find_parameters(&quot;&quot;)" assertions="1" time="0.000153" status="Passed" classname="WorkTech.Domain.Unit.Tests.DataAccess.Utility.SqlParserFixture`1" />
		<testcase name="Does_not_find_parameters(&quot;:&quot;)" assertions="1" time="0.001825" status="Passed" classname="WorkTech.Domain.Unit.Tests.DataAccess.Utility.SqlParserFixture`1" />
		<testcase name="Does_not_find_parameters(&quot;::&quot;)" assertions="1" time="0.000078" status="Passed" classname="WorkTech.Domain.Unit.Tests.DataAccess.Utility.SqlParserFixture`1" />
		<testcase name="Does_not_find_parameters(&quot;xyz&quot;)" assertions="1" time="0.000047" status="Passed" classname="WorkTech.Domain.Unit.Tests.DataAccess.Utility.SqlParserFixture`1" />
		<testcase name="Does_not_find_parameters(&quot;a:&quot;)" assertions="1" time="0.000045" status="Passed" classname="WorkTech.Domain.Unit.Tests.DataAccess.Utility.SqlParserFixture`1" />
		<testcase name="Does_not_find_parameters(&quot;a::&quot;)" assertions="1" time="0.000568" status="Passed" classname="WorkTech.Domain.Unit.Tests.DataAccess.Utility.SqlParserFixture`1" />
	</testsuite>
	<testsuite tests="4" time="0.001814" errors="0" failures="0" skipped="0" timestamp="2022-04-07T15:59:30.1607123Z" name="WorkTech.Domain.Unit.Tests.DataAccess.Utility.">
		<testcase name="Finds_expected_parameters_from_sql([&quot;a&quot;, &quot;b&quot;],&quot;select 1 where :a=:b;&quot;)" assertions="1" time="0.001609" status="Passed" classname="WorkTech.Domain.Unit.Tests.DataAccess.Utility.SqlParserFixture`1" />
		<testcase name="Finds_expected_parameters_from_sql([&quot;a&quot;, &quot;b&quot;],&quot;select :a+:b where :a&lt;:b AND :b&gt;=:a;&quot;)" assertions="1" time="0.000069" status="Passed" classname="WorkTech.Domain.Unit.Tests.DataAccess.Utility.SqlParserFixture`1" />
		<testcase name="Finds_expected_parameters_from_sql([&quot;a&quot;, &quot;b&quot;],&quot;select :a where :a = :b&quot;)" assertions="1" time="0.000048" status="Passed" classname="WorkTech.Domain.Unit.Tests.DataAccess.Utility.SqlParserFixture`1" />
		<testcase name="Finds_expected_parameters_from_sql([&quot;a&quot;],&quot;select :a where :a = 'a'&quot;)" assertions="1" time="0.000044" status="Passed" classname="WorkTech.Domain.Unit.Tests.DataAccess.Utility.SqlParserFixture`1" />
	</testsuite>
	<testsuite tests="3" time="0.000258" errors="0" failures="0" skipped="0" timestamp="2022-04-07T15:59:30.1627124Z" name="WorkTech.Domain.Unit.Tests.DataAccess.Utility.">
		<testcase name="Finds_multiple_expected_parameters(&quot;:a :b&quot;,[&quot;a&quot;, &quot;b&quot;])" assertions="1" time="0.000134" status="Passed" classname="WorkTech.Domain.Unit.Tests.DataAccess.Utility.SqlParserFixture`1" />
		<testcase name="Finds_multiple_expected_parameters(&quot; :a :b&quot;,[&quot;a&quot;, &quot;b&quot;])" assertions="1" time="0.000048" status="Passed" classname="WorkTech.Domain.Unit.Tests.DataAccess.Utility.SqlParserFixture`1" />
		<testcase name="Finds_multiple_expected_parameters(&quot;:a :b &quot;,[&quot;a&quot;, &quot;b&quot;])" assertions="1" time="0.000044" status="Passed" classname="WorkTech.Domain.Unit.Tests.DataAccess.Utility.SqlParserFixture`1" />
	</testsuite>
	<testsuite tests="8" time="0.002829" errors="0" failures="0" skipped="0" timestamp="2022-04-07T15:59:30.1627124Z" name="WorkTech.Domain.Unit.Tests.DataAccess.Utility.">
		<testcase name="Finds_single_expected_parameter(&quot;:a&quot;,&quot;a&quot;)" assertions="2" time="0.002252" status="Passed" classname="WorkTech.Domain.Unit.Tests.DataAccess.Utility.SqlParserFixture`1" />
		<testcase name="Finds_single_expected_parameter(&quot; :a&quot;,&quot;a&quot;)" assertions="2" time="0.000112" status="Passed" classname="WorkTech.Domain.Unit.Tests.DataAccess.Utility.SqlParserFixture`1" />
		<testcase name="Finds_single_expected_parameter(&quot;:a &quot;,&quot;a&quot;)" assertions="2" time="0.000062" status="Passed" classname="WorkTech.Domain.Unit.Tests.DataAccess.Utility.SqlParserFixture`1" />
		<testcase name="Finds_single_expected_parameter(&quot;x :a&quot;,&quot;a&quot;)" assertions="2" time="0.000064" status="Passed" classname="WorkTech.Domain.Unit.Tests.DataAccess.Utility.SqlParserFixture`1" />
		<testcase name="Finds_single_expected_parameter(&quot;:a x&quot;,&quot;a&quot;)" assertions="2" time="0.000056" status="Passed" classname="WorkTech.Domain.Unit.Tests.DataAccess.Utility.SqlParserFixture`1" />
		<testcase name="Finds_single_expected_parameter(&quot;:A&quot;,&quot;A&quot;)" assertions="2" time="0.000055" status="Passed" classname="WorkTech.Domain.Unit.Tests.DataAccess.Utility.SqlParserFixture`1" />
		<testcase name="Finds_single_expected_parameter(&quot;:VeryLongParameterNameStartingWithV&quot;,&quot;VeryLongParameterNameStartingWithV&quot;)" assertions="2" time="0.000071" status="Passed" classname="WorkTech.Domain.Unit.Tests.DataAccess.Utility.SqlParserFixture`1" />
		<testcase name="Finds_single_expected_parameter(&quot;:a :a :a&quot;,&quot;a&quot;)" assertions="2" time="0.000060" status="Passed" classname="WorkTech.Domain.Unit.Tests.DataAccess.Utility.SqlParserFixture`1" />
	</testsuite>
	<testsuite tests="23" time="0.001693" errors="0" failures="0" skipped="0" timestamp="2022-04-07T15:59:30.1657157Z" name="WorkTech.Domain.Unit.Tests.DataAccess.Utility.">
		<testcase name="Finds_expected_parameters_from_full_example" assertions="1" time="0.000049" status="Passed" classname="WorkTech.Domain.Unit.Tests.DataAccess.Utility.SqlParserFixture`1" />
	</testsuite>
	<testsuite tests="7" time="0.000707" errors="0" failures="0" skipped="0" timestamp="2022-04-07T15:59:30.1657157Z" name="WorkTech.Domain.Unit.Tests.DataAccess.Utility.">
		<testcase name="Does_not_find_parameters(null)" assertions="1" time="0.000202" status="Passed" classname="WorkTech.Domain.Unit.Tests.DataAccess.Utility.SqlParserFixture`1" />
		<testcase name="Does_not_find_parameters(&quot;&quot;)" assertions="1" time="0.000099" status="Passed" classname="WorkTech.Domain.Unit.Tests.DataAccess.Utility.SqlParserFixture`1" />
		<testcase name="Does_not_find_parameters(&quot;:&quot;)" assertions="1" time="0.000068" status="Passed" classname="WorkTech.Domain.Unit.Tests.DataAccess.Utility.SqlParserFixture`1" />
		<testcase name="Does_not_find_parameters(&quot;::&quot;)" assertions="1" time="0.000063" status="Passed" classname="WorkTech.Domain.Unit.Tests.DataAccess.Utility.SqlParserFixture`1" />
		<testcase name="Does_not_find_parameters(&quot;xyz&quot;)" assertions="1" time="0.000075" status="Passed" classname="WorkTech.Domain.Unit.Tests.DataAccess.Utility.SqlParserFixture`1" />
		<testcase name="Does_not_find_parameters(&quot;a:&quot;)" assertions="1" time="0.000058" status="Passed" classname="WorkTech.Domain.Unit.Tests.DataAccess.Utility.SqlParserFixture`1" />
		<testcase name="Does_not_find_parameters(&quot;a::&quot;)" assertions="1" time="0.000061" status="Passed" classname="WorkTech.Domain.Unit.Tests.DataAccess.Utility.SqlParserFixture`1" />
	</testsuite>
	<testsuite tests="4" time="0.000304" errors="0" failures="0" skipped="0" timestamp="2022-04-07T15:59:30.1667536Z" name="WorkTech.Domain.Unit.Tests.DataAccess.Utility.">
		<testcase name="Finds_expected_parameters_from_sql([&quot;a&quot;, &quot;b&quot;],&quot;select 1 where :a=:b;&quot;)" assertions="1" time="0.000065" status="Passed" classname="WorkTech.Domain.Unit.Tests.DataAccess.Utility.SqlParserFixture`1" />
		<testcase name="Finds_expected_parameters_from_sql([&quot;a&quot;, &quot;b&quot;],&quot;select :a+:b where :a&lt;:b AND :b&gt;=:a;&quot;)" assertions="1" time="0.000066" status="Passed" classname="WorkTech.Domain.Unit.Tests.DataAccess.Utility.SqlParserFixture`1" />
		<testcase name="Finds_expected_parameters_from_sql([&quot;a&quot;, &quot;b&quot;],&quot;select :a where :a = :b&quot;)" assertions="1" time="0.000063" status="Passed" classname="WorkTech.Domain.Unit.Tests.DataAccess.Utility.SqlParserFixture`1" />
		<testcase name="Finds_expected_parameters_from_sql([&quot;a&quot;],&quot;select :a where :a = 'a'&quot;)" assertions="1" time="0.000061" status="Passed" classname="WorkTech.Domain.Unit.Tests.DataAccess.Utility.SqlParserFixture`1" />
	</testsuite>
	<testsuite tests="3" time="0.000187" errors="0" failures="0" skipped="0" timestamp="2022-04-07T15:59:30.1667536Z" name="WorkTech.Domain.Unit.Tests.DataAccess.Utility.">
		<testcase name="Finds_multiple_expected_parameters(&quot;:a :b&quot;,[&quot;a&quot;, &quot;b&quot;])" assertions="1" time="0.000058" status="Passed" classname="WorkTech.Domain.Unit.Tests.DataAccess.Utility.SqlParserFixture`1" />
		<testcase name="Finds_multiple_expected_parameters(&quot; :a :b&quot;,[&quot;a&quot;, &quot;b&quot;])" assertions="1" time="0.000044" status="Passed" classname="WorkTech.Domain.Unit.Tests.DataAccess.Utility.SqlParserFixture`1" />
		<testcase name="Finds_multiple_expected_parameters(&quot;:a :b &quot;,[&quot;a&quot;, &quot;b&quot;])" assertions="1" time="0.000048" status="Passed" classname="WorkTech.Domain.Unit.Tests.DataAccess.Utility.SqlParserFixture`1" />
	</testsuite>
	<testsuite tests="8" time="0.000364" errors="0" failures="0" skipped="0" timestamp="2022-04-07T15:59:30.1667536Z" name="WorkTech.Domain.Unit.Tests.DataAccess.Utility.">
		<testcase name="Finds_single_expected_parameter(&quot;:a&quot;,&quot;a&quot;)" assertions="2" time="0.000042" status="Passed" classname="WorkTech.Domain.Unit.Tests.DataAccess.Utility.SqlParserFixture`1" />
		<testcase name="Finds_single_expected_parameter(&quot; :a&quot;,&quot;a&quot;)" assertions="2" time="0.000039" status="Passed" classname="WorkTech.Domain.Unit.Tests.DataAccess.Utility.SqlParserFixture`1" />
		<testcase name="Finds_single_expected_parameter(&quot;:a &quot;,&quot;a&quot;)" assertions="2" time="0.000038" status="Passed" classname="WorkTech.Domain.Unit.Tests.DataAccess.Utility.SqlParserFixture`1" />
		<testcase name="Finds_single_expected_parameter(&quot;x :a&quot;,&quot;a&quot;)" assertions="2" time="0.000037" status="Passed" classname="WorkTech.Domain.Unit.Tests.DataAccess.Utility.SqlParserFixture`1" />
		<testcase name="Finds_single_expected_parameter(&quot;:a x&quot;,&quot;a&quot;)" assertions="2" time="0.000038" status="Passed" classname="WorkTech.Domain.Unit.Tests.DataAccess.Utility.SqlParserFixture`1" />
		<testcase name="Finds_single_expected_parameter(&quot;:A&quot;,&quot;A&quot;)" assertions="2" time="0.000037" status="Passed" classname="WorkTech.Domain.Unit.Tests.DataAccess.Utility.SqlParserFixture`1" />
		<testcase name="Finds_single_expected_parameter(&quot;:VeryLongParameterNameStartingWithV&quot;,&quot;VeryLongParameterNameStartingWithV&quot;)" assertions="2" time="0.000040" status="Passed" classname="WorkTech.Domain.Unit.Tests.DataAccess.Utility.SqlParserFixture`1" />
		<testcase name="Finds_single_expected_parameter(&quot;:a :a :a&quot;,&quot;a&quot;)" assertions="2" time="0.000038" status="Passed" classname="WorkTech.Domain.Unit.Tests.DataAccess.Utility.SqlParserFixture`1" />
	</testsuite>
	<testsuite tests="9" time="0.008987" errors="0" failures="0" skipped="0" timestamp="2022-04-07T15:59:30.1677140Z" name="WorkTech.Domain.Unit.Tests.Framework.Utils.">
		<testcase name="CasingTest(&quot;string&quot;,&quot;String&quot;)" assertions="1" time="0.008337" status="Passed" classname="WorkTech.Domain.Unit.Tests.Framework.Utils.ReflectionHelperFixture" />
		<testcase name="CasingTest(&quot;bool&quot;,&quot;Bool&quot;)" assertions="1" time="0.000105" status="Passed" classname="WorkTech.Domain.Unit.Tests.Framework.Utils.ReflectionHelperFixture" />
		<testcase name="CasingTest(&quot;int&quot;,&quot;Int&quot;)" assertions="1" time="0.000070" status="Passed" classname="WorkTech.Domain.Unit.Tests.Framework.Utils.ReflectionHelperFixture" />
		<testcase name="CasingTest(&quot;decimal&quot;,&quot;Decimal&quot;)" assertions="1" time="0.000100" status="Passed" classname="WorkTech.Domain.Unit.Tests.Framework.Utils.ReflectionHelperFixture" />
		<testcase name="CasingTest(&quot;date&quot;,&quot;Date&quot;)" assertions="1" time="0.000059" status="Passed" classname="WorkTech.Domain.Unit.Tests.Framework.Utils.ReflectionHelperFixture" />
		<testcase name="CasingTest(&quot;nullablebool&quot;,&quot;NullableBool&quot;)" assertions="1" time="0.000055" status="Passed" classname="WorkTech.Domain.Unit.Tests.Framework.Utils.ReflectionHelperFixture" />
		<testcase name="CasingTest(&quot;nullableint&quot;,&quot;NullableInt&quot;)" assertions="1" time="0.000053" status="Passed" classname="WorkTech.Domain.Unit.Tests.Framework.Utils.ReflectionHelperFixture" />
		<testcase name="CasingTest(&quot;nullabledecimal&quot;,&quot;NullableDecimal&quot;)" assertions="1" time="0.000052" status="Passed" classname="WorkTech.Domain.Unit.Tests.Framework.Utils.ReflectionHelperFixture" />
		<testcase name="CasingTest(&quot;nullabledate&quot;,&quot;NullableDate&quot;)" assertions="1" time="0.000053" status="Passed" classname="WorkTech.Domain.Unit.Tests.Framework.Utils.ReflectionHelperFixture" />
	</testsuite>
	<testsuite tests="9" time="0.002265" errors="0" failures="0" skipped="0" timestamp="2022-04-07T15:59:30.1767136Z" name="WorkTech.Domain.Unit.Tests.Framework.Utils.">
		<testcase name="DefaultValuesTest(&quot;string&quot;)" assertions="1" time="0.001254" status="Passed" classname="WorkTech.Domain.Unit.Tests.Framework.Utils.ReflectionHelperFixture" />
		<testcase name="DefaultValuesTest(&quot;bool&quot;)" assertions="1" time="0.000116" status="Passed" classname="WorkTech.Domain.Unit.Tests.Framework.Utils.ReflectionHelperFixture" />
		<testcase name="DefaultValuesTest(&quot;int&quot;)" assertions="1" time="0.000092" status="Passed" classname="WorkTech.Domain.Unit.Tests.Framework.Utils.ReflectionHelperFixture" />
		<testcase name="DefaultValuesTest(&quot;decimal&quot;)" assertions="1" time="0.000238" status="Passed" classname="WorkTech.Domain.Unit.Tests.Framework.Utils.ReflectionHelperFixture" />
		<testcase name="DefaultValuesTest(&quot;date&quot;)" assertions="1" time="0.000097" status="Passed" classname="WorkTech.Domain.Unit.Tests.Framework.Utils.ReflectionHelperFixture" />
		<testcase name="DefaultValuesTest(&quot;nullablebool&quot;)" assertions="1" time="0.000092" status="Passed" classname="WorkTech.Domain.Unit.Tests.Framework.Utils.ReflectionHelperFixture" />
		<testcase name="DefaultValuesTest(&quot;nullableint&quot;)" assertions="1" time="0.000087" status="Passed" classname="WorkTech.Domain.Unit.Tests.Framework.Utils.ReflectionHelperFixture" />
		<testcase name="DefaultValuesTest(&quot;nullabledecimal&quot;)" assertions="1" time="0.000097" status="Passed" classname="WorkTech.Domain.Unit.Tests.Framework.Utils.ReflectionHelperFixture" />
		<testcase name="DefaultValuesTest(&quot;nullabledate&quot;)" assertions="1" time="0.000094" status="Passed" classname="WorkTech.Domain.Unit.Tests.Framework.Utils.ReflectionHelperFixture" />
	</testsuite>
	<testsuite tests="10" time="0.004129" errors="0" failures="0" skipped="0" timestamp="2022-04-07T15:59:30.1787583Z" name="WorkTech.Domain.Unit.Tests.Framework.Utils.">
		<testcase name="GetPropertyTest(&quot;string&quot;,False)" assertions="2" time="0.001867" status="Passed" classname="WorkTech.Domain.Unit.Tests.Framework.Utils.ReflectionHelperFixture" />
		<testcase name="GetPropertyTest(&quot;bool&quot;,False)" assertions="2" time="0.000121" status="Passed" classname="WorkTech.Domain.Unit.Tests.Framework.Utils.ReflectionHelperFixture" />
		<testcase name="GetPropertyTest(&quot;int&quot;,False)" assertions="2" time="0.000139" status="Passed" classname="WorkTech.Domain.Unit.Tests.Framework.Utils.ReflectionHelperFixture" />
		<testcase name="GetPropertyTest(&quot;decimal&quot;,False)" assertions="2" time="0.000093" status="Passed" classname="WorkTech.Domain.Unit.Tests.Framework.Utils.ReflectionHelperFixture" />
		<testcase name="GetPropertyTest(&quot;date&quot;,False)" assertions="2" time="0.000080" status="Passed" classname="WorkTech.Domain.Unit.Tests.Framework.Utils.ReflectionHelperFixture" />
		<testcase name="GetPropertyTest(&quot;nullablebool&quot;,False)" assertions="2" time="0.000079" status="Passed" classname="WorkTech.Domain.Unit.Tests.Framework.Utils.ReflectionHelperFixture" />
		<testcase name="GetPropertyTest(&quot;nullableint&quot;,False)" assertions="2" time="0.000091" status="Passed" classname="WorkTech.Domain.Unit.Tests.Framework.Utils.ReflectionHelperFixture" />
		<testcase name="GetPropertyTest(&quot;nullabledecimal&quot;,False)" assertions="2" time="0.000085" status="Passed" classname="WorkTech.Domain.Unit.Tests.Framework.Utils.ReflectionHelperFixture" />
		<testcase name="GetPropertyTest(&quot;nullabledate&quot;,False)" assertions="2" time="0.000119" status="Passed" classname="WorkTech.Domain.Unit.Tests.Framework.Utils.ReflectionHelperFixture" />
		<testcase name="GetPropertyTest(&quot;doesntexist&quot;,True)" assertions="1" time="0.001332" status="Passed" classname="WorkTech.Domain.Unit.Tests.Framework.Utils.ReflectionHelperFixture" />
	</testsuite>
	<testsuite tests="9" time="0.003689" errors="0" failures="0" skipped="0" timestamp="2022-04-07T15:59:30.1827174Z" name="WorkTech.Domain.Unit.Tests.Framework.Utils.">
		<testcase name="GetPropertyValueTest(&quot;string&quot;)" assertions="1" time="0.000788" status="Passed" classname="WorkTech.Domain.Unit.Tests.Framework.Utils.ReflectionHelperFixture" />
		<testcase name="GetPropertyValueTest(&quot;bool&quot;)" assertions="1" time="0.000401" status="Passed" classname="WorkTech.Domain.Unit.Tests.Framework.Utils.ReflectionHelperFixture" />
		<testcase name="GetPropertyValueTest(&quot;int&quot;)" assertions="1" time="0.000084" status="Passed" classname="WorkTech.Domain.Unit.Tests.Framework.Utils.ReflectionHelperFixture" />
		<testcase name="GetPropertyValueTest(&quot;decimal&quot;)" assertions="1" time="0.001905" status="Passed" classname="WorkTech.Domain.Unit.Tests.Framework.Utils.ReflectionHelperFixture" />
		<testcase name="GetPropertyValueTest(&quot;date&quot;)" assertions="1" time="0.000127" status="Passed" classname="WorkTech.Domain.Unit.Tests.Framework.Utils.ReflectionHelperFixture" />
		<testcase name="GetPropertyValueTest(&quot;nullablebool&quot;)" assertions="1" time="0.000092" status="Passed" classname="WorkTech.Domain.Unit.Tests.Framework.Utils.ReflectionHelperFixture" />
		<testcase name="GetPropertyValueTest(&quot;nullableint&quot;)" assertions="1" time="0.000059" status="Passed" classname="WorkTech.Domain.Unit.Tests.Framework.Utils.ReflectionHelperFixture" />
		<testcase name="GetPropertyValueTest(&quot;nullabledecimal&quot;)" assertions="1" time="0.000060" status="Passed" classname="WorkTech.Domain.Unit.Tests.Framework.Utils.ReflectionHelperFixture" />
		<testcase name="GetPropertyValueTest(&quot;nullabledate&quot;)" assertions="1" time="0.000066" status="Passed" classname="WorkTech.Domain.Unit.Tests.Framework.Utils.ReflectionHelperFixture" />
	</testsuite>
	<testsuite tests="9" time="0.001041" errors="0" failures="0" skipped="0" timestamp="2022-04-07T15:59:30.1867530Z" name="WorkTech.Domain.Unit.Tests.Framework.Utils.">
		<testcase name="HasNotDefaultValuesTest(&quot;string&quot;)" assertions="1" time="0.000506" status="Passed" classname="WorkTech.Domain.Unit.Tests.Framework.Utils.ReflectionHelperFixture" />
		<testcase name="HasNotDefaultValuesTest(&quot;bool&quot;)" assertions="1" time="0.000083" status="Passed" classname="WorkTech.Domain.Unit.Tests.Framework.Utils.ReflectionHelperFixture" />
		<testcase name="HasNotDefaultValuesTest(&quot;int&quot;)" assertions="1" time="0.000055" status="Passed" classname="WorkTech.Domain.Unit.Tests.Framework.Utils.ReflectionHelperFixture" />
		<testcase name="HasNotDefaultValuesTest(&quot;decimal&quot;)" assertions="1" time="0.000053" status="Passed" classname="WorkTech.Domain.Unit.Tests.Framework.Utils.ReflectionHelperFixture" />
		<testcase name="HasNotDefaultValuesTest(&quot;date&quot;)" assertions="1" time="0.000053" status="Passed" classname="WorkTech.Domain.Unit.Tests.Framework.Utils.ReflectionHelperFixture" />
		<testcase name="HasNotDefaultValuesTest(&quot;nullablebool&quot;)" assertions="1" time="0.000053" status="Passed" classname="WorkTech.Domain.Unit.Tests.Framework.Utils.ReflectionHelperFixture" />
		<testcase name="HasNotDefaultValuesTest(&quot;nullableint&quot;)" assertions="1" time="0.000053" status="Passed" classname="WorkTech.Domain.Unit.Tests.Framework.Utils.ReflectionHelperFixture" />
		<testcase name="HasNotDefaultValuesTest(&quot;nullabledecimal&quot;)" assertions="1" time="0.000052" status="Passed" classname="WorkTech.Domain.Unit.Tests.Framework.Utils.ReflectionHelperFixture" />
		<testcase name="HasNotDefaultValuesTest(&quot;nullabledate&quot;)" assertions="1" time="0.000052" status="Passed" classname="WorkTech.Domain.Unit.Tests.Framework.Utils.ReflectionHelperFixture" />
	</testsuite>
	<testsuite tests="10" time="0.001243" errors="0" failures="0" skipped="0" timestamp="2022-04-07T15:59:30.1877142Z" name="WorkTech.Domain.Unit.Tests.Framework.Utils.">
		<testcase name="HasPropertyTest(&quot;string&quot;,True)" assertions="1" time="0.000671" status="Passed" classname="WorkTech.Domain.Unit.Tests.Framework.Utils.ReflectionHelperFixture" />
		<testcase name="HasPropertyTest(&quot;bool&quot;,True)" assertions="1" time="0.000071" status="Passed" classname="WorkTech.Domain.Unit.Tests.Framework.Utils.ReflectionHelperFixture" />
		<testcase name="HasPropertyTest(&quot;int&quot;,True)" assertions="1" time="0.000055" status="Passed" classname="WorkTech.Domain.Unit.Tests.Framework.Utils.ReflectionHelperFixture" />
		<testcase name="HasPropertyTest(&quot;decimal&quot;,True)" assertions="1" time="0.000053" status="Passed" classname="WorkTech.Domain.Unit.Tests.Framework.Utils.ReflectionHelperFixture" />
		<testcase name="HasPropertyTest(&quot;date&quot;,True)" assertions="1" time="0.000054" status="Passed" classname="WorkTech.Domain.Unit.Tests.Framework.Utils.ReflectionHelperFixture" />
		<testcase name="HasPropertyTest(&quot;nullablebool&quot;,True)" assertions="1" time="0.000052" status="Passed" classname="WorkTech.Domain.Unit.Tests.Framework.Utils.ReflectionHelperFixture" />
		<testcase name="HasPropertyTest(&quot;nullableint&quot;,True)" assertions="1" time="0.000052" status="Passed" classname="WorkTech.Domain.Unit.Tests.Framework.Utils.ReflectionHelperFixture" />
		<testcase name="HasPropertyTest(&quot;nullabledecimal&quot;,True)" assertions="1" time="0.000053" status="Passed" classname="WorkTech.Domain.Unit.Tests.Framework.Utils.ReflectionHelperFixture" />
		<testcase name="HasPropertyTest(&quot;nullabledate&quot;,True)" assertions="1" time="0.000052" status="Passed" classname="WorkTech.Domain.Unit.Tests.Framework.Utils.ReflectionHelperFixture" />
		<testcase name="HasPropertyTest(&quot;doesntexist&quot;,False)" assertions="1" time="0.000052" status="Passed" classname="WorkTech.Domain.Unit.Tests.Framework.Utils.ReflectionHelperFixture" />
	</testsuite>
	<testsuite tests="9" time="0.001170" errors="0" failures="0" skipped="0" timestamp="2022-04-07T15:59:30.1887140Z" name="WorkTech.Domain.Unit.Tests.Framework.Utils.">
		<testcase name="SetPropertyTest(&quot;string&quot;)" assertions="1" time="0.000529" status="Passed" classname="WorkTech.Domain.Unit.Tests.Framework.Utils.ReflectionHelperFixture" />
		<testcase name="SetPropertyTest(&quot;bool&quot;)" assertions="1" time="0.000085" status="Passed" classname="WorkTech.Domain.Unit.Tests.Framework.Utils.ReflectionHelperFixture" />
		<testcase name="SetPropertyTest(&quot;int&quot;)" assertions="1" time="0.000077" status="Passed" classname="WorkTech.Domain.Unit.Tests.Framework.Utils.ReflectionHelperFixture" />
		<testcase name="SetPropertyTest(&quot;decimal&quot;)" assertions="1" time="0.000061" status="Passed" classname="WorkTech.Domain.Unit.Tests.Framework.Utils.ReflectionHelperFixture" />
		<testcase name="SetPropertyTest(&quot;date&quot;)" assertions="1" time="0.000066" status="Passed" classname="WorkTech.Domain.Unit.Tests.Framework.Utils.ReflectionHelperFixture" />
		<testcase name="SetPropertyTest(&quot;nullablebool&quot;)" assertions="1" time="0.000073" status="Passed" classname="WorkTech.Domain.Unit.Tests.Framework.Utils.ReflectionHelperFixture" />
		<testcase name="SetPropertyTest(&quot;nullableint&quot;)" assertions="1" time="0.000066" status="Passed" classname="WorkTech.Domain.Unit.Tests.Framework.Utils.ReflectionHelperFixture" />
		<testcase name="SetPropertyTest(&quot;nullabledecimal&quot;)" assertions="1" time="0.000060" status="Passed" classname="WorkTech.Domain.Unit.Tests.Framework.Utils.ReflectionHelperFixture" />
		<testcase name="SetPropertyTest(&quot;nullabledate&quot;)" assertions="1" time="0.000075" status="Passed" classname="WorkTech.Domain.Unit.Tests.Framework.Utils.ReflectionHelperFixture" />
	</testsuite>
	<testsuite tests="53" time="0.090824" errors="0" failures="3" skipped="0" timestamp="2022-04-07T15:59:30.1907139Z" name="WorkTech.Domain.Unit.Tests.Grids.">
		<testcase name="Should_have_all_required_columns(WorkTech.Standard.Framework.Grids.GridDefinition,WorkTech.Core.Services.Interfaces.DataContracts.WCAppMessage)" assertions="1" time="0.006296" status="Passed" classname="WorkTech.Domain.Unit.Tests.Grids.GridDefinitionFixtureBase" />
		<testcase name="Should_have_all_required_columns(WorkTech.Standard.Framework.Grids.GridDefinition,WorkTech.Core.Services.Interfaces.DataContracts.WCAppSetting)" assertions="1" time="0.000765" status="Passed" classname="WorkTech.Domain.Unit.Tests.Grids.GridDefinitionFixtureBase" />
		<testcase name="Should_have_all_required_columns(WorkTech.Standard.Framework.Grids.GridDefinition,WorkTech.Core.Services.Interfaces.DataContracts.Automation.WCAutomationTaskSchedule)" assertions="1" time="0.000776" status="Passed" classname="WorkTech.Domain.Unit.Tests.Grids.GridDefinitionFixtureBase" />
		<testcase name="Should_have_all_required_columns(WorkTech.Standard.Framework.Grids.GridDefinition,WorkTech.Core.Services.Interfaces.DataContracts.WCBreakdownStructureLevel1)" assertions="1" time="0.001051" status="Passed" classname="WorkTech.Domain.Unit.Tests.Grids.GridDefinitionFixtureBase" />
		<testcase name="Should_have_all_required_columns(WorkTech.Standard.Framework.Grids.GridDefinition,WorkTech.Core.Services.Interfaces.DataContracts.WCBreakdownStructureLevel2)" assertions="1" time="0.000766" status="Passed" classname="WorkTech.Domain.Unit.Tests.Grids.GridDefinitionFixtureBase" />
		<testcase name="Should_have_all_required_columns(WorkTech.Standard.Framework.Grids.GridDefinition,WorkTech.Core.Services.Interfaces.DataContracts.WCBreakdownStructureLevel3)" assertions="1" time="0.002282" status="Passed" classname="WorkTech.Domain.Unit.Tests.Grids.GridDefinitionFixtureBase" />
		<testcase name="Should_have_all_required_columns(WorkTech.Standard.Framework.Grids.GridDefinition,WorkTech.Core.Services.Interfaces.DataContracts.WCBusinessUnit)" assertions="1" time="0.001555" status="Passed" classname="WorkTech.Domain.Unit.Tests.Grids.GridDefinitionFixtureBase" />
		<testcase name="Should_have_all_required_columns(WorkTech.Standard.Framework.Grids.GridDefinition,WorkTech.Core.Services.Interfaces.DataContracts.WCSecurityGroupMember)" assertions="1" time="0.001160" status="Passed" classname="WorkTech.Domain.Unit.Tests.Grids.GridDefinitionFixtureBase" />
		<testcase name="Should_have_all_required_columns(WorkTech.Standard.Framework.Grids.GridDefinition,WorkTech.Core.Services.Interfaces.DataContracts.WCSecurityGroupMember)" assertions="1" time="0.001157" status="Passed" classname="WorkTech.Domain.Unit.Tests.Grids.GridDefinitionFixtureBase" />
		<testcase name="Should_have_all_required_columns(WorkTech.Standard.Framework.Grids.GridDefinition,WorkTech.Core.Services.Interfaces.DataContracts.WCSecurityGroupMember)" assertions="1" time="0.001997" status="Passed" classname="WorkTech.Domain.Unit.Tests.Grids.GridDefinitionFixtureBase" />
		<testcase name="Should_have_all_required_columns(WorkTech.Standard.Framework.Grids.GridDefinition,WorkTech.Core.Services.Interfaces.DataContracts.WCSecurityGroupMember)" assertions="1" time="0.001310" status="Passed" classname="WorkTech.Domain.Unit.Tests.Grids.GridDefinitionFixtureBase" />
		<testcase name="Should_have_all_required_columns(WorkTech.Standard.Framework.Grids.GridDefinition,WorkTech.Rates.Services.Interface.DataContracts.WCEquipmentInventory)" assertions="1" time="0.002186" status="Passed" classname="WorkTech.Domain.Unit.Tests.Grids.GridDefinitionFixtureBase" />
		<testcase name="Should_have_all_required_columns(WorkTech.Standard.Framework.Grids.GridDefinition,WorkTech.Core.Services.Interfaces.DataContracts.WCGridAccessItem)" assertions="1" time="0.000965" status="Passed" classname="WorkTech.Domain.Unit.Tests.Grids.GridDefinitionFixtureBase" />
		<testcase name="Should_have_all_required_columns(WorkTech.Standard.Framework.Grids.GridDefinition,WorkTech.Core.Services.Interfaces.DataContracts.WCGridColumnAccess)" assertions="1" time="0.000978" status="Passed" classname="WorkTech.Domain.Unit.Tests.Grids.GridDefinitionFixtureBase" />
		<testcase name="Should_have_all_required_columns(WorkTech.Standard.Framework.Grids.GridDefinition,WorkTech.Core.Services.Interfaces.DataContracts.WCNetReport)" assertions="1" time="0.000955" status="Passed" classname="WorkTech.Domain.Unit.Tests.Grids.GridDefinitionFixtureBase" />
		<testcase name="Should_have_all_required_columns(WorkTech.Standard.Framework.Grids.GridDefinition,WorkTech.Core.Services.Interfaces.DataContracts.WCStructuredList)" assertions="1" time="0.000783" status="Passed" classname="WorkTech.Domain.Unit.Tests.Grids.GridDefinitionFixtureBase" />
		<testcase name="Should_have_all_required_columns(WorkTech.Standard.Framework.Grids.GridDefinition,WorkTech.Core.Services.Interfaces.DataContracts.WCStructuredListValue)" assertions="1" time="0.001223" status="Passed" classname="WorkTech.Domain.Unit.Tests.Grids.GridDefinitionFixtureBase" />
		<testcase name="Should_have_all_required_columns(WorkTech.Standard.Framework.Grids.GridDefinition,WorkTech.Core.Services.Interfaces.DataContracts.WCWorkSchedule)" assertions="1" time="0.000812" status="Passed" classname="WorkTech.Domain.Unit.Tests.Grids.GridDefinitionFixtureBase" />
		<testcase name="Should_have_all_required_columns(WorkTech.Standard.Framework.Grids.GridDefinition,WorkTech.Core.Services.Interfaces.DataContracts.WCApplication)" assertions="1" time="0.001604" status="Passed" classname="WorkTech.Domain.Unit.Tests.Grids.GridDefinitionFixtureBase" />
		<testcase name="Should_have_all_required_columns(WorkTech.Standard.Framework.Grids.GridDefinition,WorkTech.Core.Services.Interfaces.DataContracts.WCBusinessUnit)" assertions="1" time="0.001627" status="Passed" classname="WorkTech.Domain.Unit.Tests.Grids.GridDefinitionFixtureBase" />
		<testcase name="Should_have_all_required_columns(WorkTech.Standard.Framework.Grids.GridDefinition,WorkTech.Core.Services.Interfaces.DataContracts.WCCertificate)" assertions="1" time="0.001078" status="Passed" classname="WorkTech.Domain.Unit.Tests.Grids.GridDefinitionFixtureBase" />
		<testcase name="Should_have_all_required_columns(WorkTech.Standard.Framework.Grids.GridDefinition,WorkTech.Core.Services.Interfaces.DataContracts.WCContractor)" assertions="1" time="0.001316" status="Passed" classname="WorkTech.Domain.Unit.Tests.Grids.GridDefinitionFixtureBase" />
		<testcase name="Should_have_all_required_columns(WorkTech.Standard.Framework.Grids.GridDefinition,WorkTech.Core.Services.Interfaces.DataContracts.WCSecurityGroup)" assertions="1" time="0.000646" status="Passed" classname="WorkTech.Domain.Unit.Tests.Grids.GridDefinitionFixtureBase" />
		<testcase name="Should_have_all_required_columns(WorkTech.Standard.Framework.Grids.GridDefinition,WorkTech.Core.Services.Interfaces.DataContracts.WCSecurityInfo)" assertions="1" time="0.000722" status="Passed" classname="WorkTech.Domain.Unit.Tests.Grids.GridDefinitionFixtureBase" />
		<testcase name="Should_have_all_required_columns(WorkTech.Standard.Framework.Grids.GridDefinition,WorkTech.Core.Services.Interfaces.DataContracts.WCApproverGroup)" assertions="1" time="0.002132" status="Passed" classname="WorkTech.Domain.Unit.Tests.Grids.GridDefinitionFixtureBase" />
		<testcase name="Should_have_all_required_columns(WorkTech.Standard.Framework.Grids.GridDefinition,WorkTech.Core.Services.Interfaces.DataContracts.WCCrew)" assertions="1" time="0.001716" status="Passed" classname="WorkTech.Domain.Unit.Tests.Grids.GridDefinitionFixtureBase" />
		<testcase name="Should_have_all_required_columns(WorkTech.Standard.Framework.Grids.GridDefinition,WorkTech.Core.Services.Interfaces.DataContracts.WCEmployeeCertificate)" assertions="1" time="0.002071" status="Passed" classname="WorkTech.Domain.Unit.Tests.Grids.GridDefinitionFixtureBase" />
		<testcase name="Should_have_all_required_columns(WorkTech.Standard.Framework.Grids.GridDefinition,WorkTech.Core.Services.Interfaces.DataContracts.WCEmployeeCraft)" assertions="1" time="0.000770" status="Passed" classname="WorkTech.Domain.Unit.Tests.Grids.GridDefinitionFixtureBase" />
		<testcase name="Should_have_all_required_columns(WorkTech.Standard.Framework.Grids.GridDefinition,WorkTech.Core.Services.Interfaces.DataContracts.WCCrewAssignment)" assertions="1" time="0.019197" status="Failed" classname="WorkTech.Domain.Unit.Tests.Grids.GridDefinitionFixtureBase">
			<failure message="  EmployeeCrewsGrid column names don't match WCCrewAssignment.&#xD;&#xA;  Expected: equivalent to &lt; &quot;IdWorker&quot;, &quot;StartDate&quot;, &quot;IdBu&quot;, &quot;CrewGroup&quot;, &quot;IdCrew&quot;, &quot;CrewDescription&quot;, &quot;FinishDate&quot;, &quot;Role&quot;, &quot;Memo&quot;, &quot;Str01&quot;... &gt;&#xD;&#xA;  But was:  &lt; &quot;IdWorker&quot;, &quot;StartDate&quot;, &quot;IdBu&quot;, &quot;CrewGroup&quot;, &quot;IdCrew&quot;, &quot;FinishDate&quot;, &quot;Role&quot;, &quot;Memo&quot;, &quot;Str01&quot;, &quot;Str02&quot;... &gt;&#xD;&#xA;  Missing (1): &lt; &quot;CrewDescription&quot; &gt;&#xD;&#xA;">
				at WorkTech.Domain.Unit.Tests.Grids.GridTestHelper.AssertColumnNamesMatchPropertyNames(Grid grid, Type dtoType) in C:\Users\hmarok\core_WorkTech5\Develop\Tests\WorkTech.Domain.Test.Unit\Grids\GridTestHelper.cs:line 21
				at WorkTech.Domain.Unit.Tests.Grids.GridDefinitionFixtureBase.Should_have_all_required_columns(GridDefinition gridDefinition, Type wcType) in C:\Users\hmarok\core_WorkTech5\Develop\Tests\WorkTech.Domain.Test.Unit\Grids\GridDefinitionFixtureBase.cs:line 25
			</failure>
		</testcase>
		<testcase name="Should_have_all_required_columns(WorkTech.Standard.Framework.Grids.GridDefinition,WorkTech.Core.Services.Interfaces.DataContracts.WCExternalId)" assertions="1" time="0.001003" status="Passed" classname="WorkTech.Domain.Unit.Tests.Grids.GridDefinitionFixtureBase" />
		<testcase name="Should_have_all_required_columns(WorkTech.Standard.Framework.Grids.GridDefinition,WorkTech.Core.Services.Interfaces.DataContracts.WCWorkerWorkSchedule)" assertions="1" time="0.002600" status="Failed" classname="WorkTech.Domain.Unit.Tests.Grids.GridDefinitionFixtureBase">
			<failure message="  EmployeeWorkScheduleGrid column names don't match WCWorkerWorkSchedule.&#xD;&#xA;  Expected: equivalent to &lt; &quot;IdWorker&quot;, &quot;StartDate&quot;, &quot;WorkPatternId&quot;, &quot;WorkPattern&quot;, &quot;FinishDate&quot;, &quot;HolidayScheduleId&quot;, &quot;HolidaysInForce&quot;, &quot;ChangeBy&quot;, &quot;ChangeDate&quot; &gt;&#xD;&#xA;  But was:  &lt; &quot;StartDate&quot;, &quot;FinishDate&quot;, &quot;HolidaysInForce&quot;, &quot;HolidayScheduleId&quot;, &quot;WorkPatternId&quot;, &quot;ChangeBy&quot;, &quot;ChangeDate&quot;, &quot;IdWorker&quot; &gt;&#xD;&#xA;  Missing (1): &lt; &quot;WorkPattern&quot; &gt;&#xD;&#xA;">
				at WorkTech.Domain.Unit.Tests.Grids.GridTestHelper.AssertColumnNamesMatchPropertyNames(Grid grid, Type dtoType) in C:\Users\hmarok\core_WorkTech5\Develop\Tests\WorkTech.Domain.Test.Unit\Grids\GridTestHelper.cs:line 21
				at WorkTech.Domain.Unit.Tests.Grids.GridDefinitionFixtureBase.Should_have_all_required_columns(GridDefinition gridDefinition, Type wcType) in C:\Users\hmarok\core_WorkTech5\Develop\Tests\WorkTech.Domain.Test.Unit\Grids\GridDefinitionFixtureBase.cs:line 25
			</failure>
		</testcase>
		<testcase name="Should_have_all_required_columns(WorkTech.Standard.Framework.Grids.GridDefinition,WorkTech.Core.Services.Interfaces.DataContracts.WCManagedCrew)" assertions="1" time="0.000974" status="Passed" classname="WorkTech.Domain.Unit.Tests.Grids.GridDefinitionFixtureBase" />
		<testcase name="Should_have_all_required_columns(WorkTech.Standard.Framework.Grids.GridDefinition,WorkTech.Core.Services.Interfaces.DataContracts.WCResourceGroup)" assertions="1" time="0.001728" status="Passed" classname="WorkTech.Domain.Unit.Tests.Grids.GridDefinitionFixtureBase" />
		<testcase name="Should_have_all_required_columns(WorkTech.Standard.Framework.Grids.GridDefinition,WorkTech.Core.Services.Interfaces.DataContracts.WCShiftControl)" assertions="1" time="0.000646" status="Passed" classname="WorkTech.Domain.Unit.Tests.Grids.GridDefinitionFixtureBase" />
		<testcase name="Should_have_all_required_columns(WorkTech.Standard.Framework.Grids.GridDefinition,WorkTech.Core.Services.Interfaces.DataContracts.WCShiftHour)" assertions="1" time="0.000764" status="Passed" classname="WorkTech.Domain.Unit.Tests.Grids.GridDefinitionFixtureBase" />
		<testcase name="Should_have_all_required_columns(WorkTech.Standard.Framework.Grids.GridDefinition,WorkTech.Core.Services.Interfaces.DataContracts.WCShift)" assertions="1" time="0.004022" status="Failed" classname="WorkTech.Domain.Unit.Tests.Grids.GridDefinitionFixtureBase">
			<failure message="  ShiftsGrid column names don't match WCShift.&#xD;&#xA;  Expected: equivalent to &lt; &quot;ShiftId&quot;, &quot;Version&quot;, &quot;Description&quot;, &quot;StartDate&quot;, &quot;EndDate&quot;, &quot;Status&quot;, &quot;Str01&quot;, &quot;Str02&quot;, &quot;Str03&quot;, &quot;Str04&quot;... &gt;&#xD;&#xA;  But was:  &lt; &quot;ShiftId&quot;, &quot;Version&quot;, &quot;Description&quot;, &quot;StartDate&quot;, &quot;Status&quot;, &quot;Str01&quot;, &quot;Str02&quot;, &quot;Str03&quot;, &quot;Str04&quot;, &quot;Str05&quot;... &gt;&#xD;&#xA;  Missing (1): &lt; &quot;EndDate&quot; &gt;&#xD;&#xA;">
				at WorkTech.Domain.Unit.Tests.Grids.GridTestHelper.AssertColumnNamesMatchPropertyNames(Grid grid, Type dtoType) in C:\Users\hmarok\core_WorkTech5\Develop\Tests\WorkTech.Domain.Test.Unit\Grids\GridTestHelper.cs:line 21
				at WorkTech.Domain.Unit.Tests.Grids.GridDefinitionFixtureBase.Should_have_all_required_columns(GridDefinition gridDefinition, Type wcType) in C:\Users\hmarok\core_WorkTech5\Develop\Tests\WorkTech.Domain.Test.Unit\Grids\GridDefinitionFixtureBase.cs:line 25
			</failure>
		</testcase>
		<testcase name="Should_have_all_required_columns(WorkTech.Standard.Framework.Grids.GridDefinition,WorkTech.Core.Services.Interfaces.DataContracts.WCDataEntryGroup)" assertions="1" time="0.000824" status="Passed" classname="WorkTech.Domain.Unit.Tests.Grids.GridDefinitionFixtureBase" />
		<testcase name="Should_have_all_required_columns(WorkTech.Standard.Framework.Grids.GridDefinition,WorkTech.Core.Services.Interfaces.DataContracts.WCDeputyApprover)" assertions="1" time="0.000604" status="Passed" classname="WorkTech.Domain.Unit.Tests.Grids.GridDefinitionFixtureBase" />
		<testcase name="Should_have_all_required_columns(WorkTech.Standard.Framework.Grids.GridDefinition,WorkTech.Core.Services.Interfaces.DataContracts.WCDeputyApprover)" assertions="1" time="0.000761" status="Passed" classname="WorkTech.Domain.Unit.Tests.Grids.GridDefinitionFixtureBase" />
		<testcase name="Should_have_all_required_columns(WorkTech.Standard.Framework.Grids.GridDefinition,WorkTech.Core.Services.Interfaces.DataContracts.WCTransactionApprover)" assertions="1" time="0.000788" status="Passed" classname="WorkTech.Domain.Unit.Tests.Grids.GridDefinitionFixtureBase" />
		<testcase name="Should_have_all_required_columns(WorkTech.Standard.Framework.Grids.GridDefinition,WorkTech.Core.Services.Interfaces.DataContracts.WCUserPreference)" assertions="1" time="0.000737" status="Passed" classname="WorkTech.Domain.Unit.Tests.Grids.GridDefinitionFixtureBase" />
		<testcase name="Should_have_all_required_columns(WorkTech.Standard.Framework.Grids.GridDefinition,WorkTech.Core.Services.Interfaces.DataContracts.WCWorkPatternControl)" assertions="1" time="0.001134" status="Passed" classname="WorkTech.Domain.Unit.Tests.Grids.GridDefinitionFixtureBase" />
		<testcase name="Should_have_all_required_columns(WorkTech.Standard.Framework.Grids.GridDefinition,WorkTech.Core.Services.Interfaces.DataContracts.WCWorkPatternDay)" assertions="1" time="0.000662" status="Passed" classname="WorkTech.Domain.Unit.Tests.Grids.GridDefinitionFixtureBase" />
		<testcase name="Should_have_all_required_columns(WorkTech.Standard.Framework.Grids.GridDefinition,WorkTech.Core.Services.Interfaces.DataContracts.WCWorkPattern)" assertions="1" time="0.000760" status="Passed" classname="WorkTech.Domain.Unit.Tests.Grids.GridDefinitionFixtureBase" />
		<testcase name="Should_have_all_required_columns(WorkTech.Standard.Framework.Grids.GridDefinition,WorkTech.Core.Services.Interfaces.DataContracts.WCEarnType)" assertions="1" time="0.001774" status="Passed" classname="WorkTech.Domain.Unit.Tests.Grids.GridDefinitionFixtureBase" />
		<testcase name="Should_have_all_required_columns(WorkTech.Standard.Framework.Grids.GridDefinition,WorkTech.Core.Services.Interfaces.DataContracts.WCPayPeriod)" assertions="1" time="0.000871" status="Passed" classname="WorkTech.Domain.Unit.Tests.Grids.GridDefinitionFixtureBase" />
		<testcase name="Should_have_all_required_columns(WorkTech.Standard.Framework.Grids.GridDefinition,WorkTech.Core.Services.Interfaces.DataContracts.WCTransactionApprovalStatus)" assertions="1" time="0.000964" status="Passed" classname="WorkTech.Domain.Unit.Tests.Grids.GridDefinitionFixtureBase" />
		<testcase name="Should_have_all_required_columns(WorkTech.Standard.Framework.Grids.GridDefinition,WorkTech.Core.Services.Interfaces.DataContracts.WCTransactionExport)" assertions="1" time="0.000671" status="Passed" classname="WorkTech.Domain.Unit.Tests.Grids.GridDefinitionFixtureBase" />
		<testcase name="Should_have_all_required_columns(WorkTech.Standard.Framework.Grids.GridDefinition,WorkTech.Tracking.Services.Interface.DataContracts.Markup.WCMarkupResource)" assertions="1" time="0.001112" status="Passed" classname="WorkTech.Domain.Unit.Tests.Grids.GridDefinitionFixtureBase" />
		<testcase name="Should_have_all_required_columns(WorkTech.Standard.Framework.Grids.GridDefinition,WorkTech.Tracking.Services.Interface.DataContracts.Material.WCMaterialResource)" assertions="1" time="0.001536" status="Passed" classname="WorkTech.Domain.Unit.Tests.Grids.GridDefinitionFixtureBase" />
		<testcase name="Should_have_all_required_columns(WorkTech.Standard.Framework.Grids.GridDefinition,WorkTech.Tracking.Services.Interface.DataContracts.Rental.WCRentalResource)" assertions="1" time="0.001428" status="Passed" classname="WorkTech.Domain.Unit.Tests.Grids.GridDefinitionFixtureBase" />
		<testcase name="Should_have_all_required_columns(WorkTech.Standard.Framework.Grids.GridDefinition,WorkTech.Core.Services.Interfaces.DataContracts.WCTransactionStatus)" assertions="1" time="0.000856" status="Passed" classname="WorkTech.Domain.Unit.Tests.Grids.GridDefinitionFixtureBase" />
		<testcase name="Should_have_all_required_columns(WorkTech.Standard.Framework.Grids.GridDefinition,WorkTech.Core.Services.Interfaces.DataContracts.WCGateTransitEvent)" assertions="1" time="0.003048" status="Passed" classname="WorkTech.Domain.Unit.Tests.Grids.GridDefinitionFixtureBase" />
	</testsuite>
	<testsuite tests="53" time="0.036367" errors="0" failures="0" skipped="0" timestamp="2022-04-07T15:59:30.2817132Z" name="WorkTech.Domain.Unit.Tests.Grids.">
		<testcase name="Should_have_matching_column_types(WorkTech.Standard.Framework.Grids.GridDefinition,WorkTech.Core.Services.Interfaces.DataContracts.WCAppMessage)" assertions="9" time="0.006956" status="Passed" classname="WorkTech.Domain.Unit.Tests.Grids.GridDefinitionFixtureBase" />
		<testcase name="Should_have_matching_column_types(WorkTech.Standard.Framework.Grids.GridDefinition,WorkTech.Core.Services.Interfaces.DataContracts.WCAppSetting)" assertions="8" time="0.000211" status="Passed" classname="WorkTech.Domain.Unit.Tests.Grids.GridDefinitionFixtureBase" />
		<testcase name="Should_have_matching_column_types(WorkTech.Standard.Framework.Grids.GridDefinition,WorkTech.Core.Services.Interfaces.DataContracts.Automation.WCAutomationTaskSchedule)" assertions="6" time="0.000136" status="Passed" classname="WorkTech.Domain.Unit.Tests.Grids.GridDefinitionFixtureBase" />
		<testcase name="Should_have_matching_column_types(WorkTech.Standard.Framework.Grids.GridDefinition,WorkTech.Core.Services.Interfaces.DataContracts.WCBreakdownStructureLevel1)" assertions="5" time="0.000110" status="Passed" classname="WorkTech.Domain.Unit.Tests.Grids.GridDefinitionFixtureBase" />
		<testcase name="Should_have_matching_column_types(WorkTech.Standard.Framework.Grids.GridDefinition,WorkTech.Core.Services.Interfaces.DataContracts.WCBreakdownStructureLevel2)" assertions="6" time="0.000122" status="Passed" classname="WorkTech.Domain.Unit.Tests.Grids.GridDefinitionFixtureBase" />
		<testcase name="Should_have_matching_column_types(WorkTech.Standard.Framework.Grids.GridDefinition,WorkTech.Core.Services.Interfaces.DataContracts.WCBreakdownStructureLevel3)" assertions="39" time="0.002991" status="Passed" classname="WorkTech.Domain.Unit.Tests.Grids.GridDefinitionFixtureBase" />
		<testcase name="Should_have_matching_column_types(WorkTech.Standard.Framework.Grids.GridDefinition,WorkTech.Core.Services.Interfaces.DataContracts.WCBusinessUnit)" assertions="31" time="0.001257" status="Passed" classname="WorkTech.Domain.Unit.Tests.Grids.GridDefinitionFixtureBase" />
		<testcase name="Should_have_matching_column_types(WorkTech.Standard.Framework.Grids.GridDefinition,WorkTech.Core.Services.Interfaces.DataContracts.WCSecurityGroupMember)" assertions="7" time="0.000155" status="Passed" classname="WorkTech.Domain.Unit.Tests.Grids.GridDefinitionFixtureBase" />
		<testcase name="Should_have_matching_column_types(WorkTech.Standard.Framework.Grids.GridDefinition,WorkTech.Core.Services.Interfaces.DataContracts.WCSecurityGroupMember)" assertions="7" time="0.000113" status="Passed" classname="WorkTech.Domain.Unit.Tests.Grids.GridDefinitionFixtureBase" />
		<testcase name="Should_have_matching_column_types(WorkTech.Standard.Framework.Grids.GridDefinition,WorkTech.Core.Services.Interfaces.DataContracts.WCSecurityGroupMember)" assertions="7" time="0.000135" status="Passed" classname="WorkTech.Domain.Unit.Tests.Grids.GridDefinitionFixtureBase" />
		<testcase name="Should_have_matching_column_types(WorkTech.Standard.Framework.Grids.GridDefinition,WorkTech.Core.Services.Interfaces.DataContracts.WCSecurityGroupMember)" assertions="7" time="0.000122" status="Passed" classname="WorkTech.Domain.Unit.Tests.Grids.GridDefinitionFixtureBase" />
		<testcase name="Should_have_matching_column_types(WorkTech.Standard.Framework.Grids.GridDefinition,WorkTech.Rates.Services.Interface.DataContracts.WCEquipmentInventory)" assertions="29" time="0.001159" status="Passed" classname="WorkTech.Domain.Unit.Tests.Grids.GridDefinitionFixtureBase" />
		<testcase name="Should_have_matching_column_types(WorkTech.Standard.Framework.Grids.GridDefinition,WorkTech.Core.Services.Interfaces.DataContracts.WCGridAccessItem)" assertions="5" time="0.000120" status="Passed" classname="WorkTech.Domain.Unit.Tests.Grids.GridDefinitionFixtureBase" />
		<testcase name="Should_have_matching_column_types(WorkTech.Standard.Framework.Grids.GridDefinition,WorkTech.Core.Services.Interfaces.DataContracts.WCGridColumnAccess)" assertions="7" time="0.000150" status="Passed" classname="WorkTech.Domain.Unit.Tests.Grids.GridDefinitionFixtureBase" />
		<testcase name="Should_have_matching_column_types(WorkTech.Standard.Framework.Grids.GridDefinition,WorkTech.Core.Services.Interfaces.DataContracts.WCNetReport)" assertions="11" time="0.000314" status="Passed" classname="WorkTech.Domain.Unit.Tests.Grids.GridDefinitionFixtureBase" />
		<testcase name="Should_have_matching_column_types(WorkTech.Standard.Framework.Grids.GridDefinition,WorkTech.Core.Services.Interfaces.DataContracts.WCStructuredList)" assertions="6" time="0.000141" status="Passed" classname="WorkTech.Domain.Unit.Tests.Grids.GridDefinitionFixtureBase" />
		<testcase name="Should_have_matching_column_types(WorkTech.Standard.Framework.Grids.GridDefinition,WorkTech.Core.Services.Interfaces.DataContracts.WCStructuredListValue)" assertions="7" time="0.000146" status="Passed" classname="WorkTech.Domain.Unit.Tests.Grids.GridDefinitionFixtureBase" />
		<testcase name="Should_have_matching_column_types(WorkTech.Standard.Framework.Grids.GridDefinition,WorkTech.Core.Services.Interfaces.DataContracts.WCWorkSchedule)" assertions="9" time="0.000192" status="Passed" classname="WorkTech.Domain.Unit.Tests.Grids.GridDefinitionFixtureBase" />
		<testcase name="Should_have_matching_column_types(WorkTech.Standard.Framework.Grids.GridDefinition,WorkTech.Core.Services.Interfaces.DataContracts.WCApplication)" assertions="6" time="0.000127" status="Passed" classname="WorkTech.Domain.Unit.Tests.Grids.GridDefinitionFixtureBase" />
		<testcase name="Should_have_matching_column_types(WorkTech.Standard.Framework.Grids.GridDefinition,WorkTech.Core.Services.Interfaces.DataContracts.WCBusinessUnit)" assertions="31" time="0.002082" status="Passed" classname="WorkTech.Domain.Unit.Tests.Grids.GridDefinitionFixtureBase" />
		<testcase name="Should_have_matching_column_types(WorkTech.Standard.Framework.Grids.GridDefinition,WorkTech.Core.Services.Interfaces.DataContracts.WCCertificate)" assertions="17" time="0.000448" status="Passed" classname="WorkTech.Domain.Unit.Tests.Grids.GridDefinitionFixtureBase" />
		<testcase name="Should_have_matching_column_types(WorkTech.Standard.Framework.Grids.GridDefinition,WorkTech.Core.Services.Interfaces.DataContracts.WCContractor)" assertions="25" time="0.000848" status="Passed" classname="WorkTech.Domain.Unit.Tests.Grids.GridDefinitionFixtureBase" />
		<testcase name="Should_have_matching_column_types(WorkTech.Standard.Framework.Grids.GridDefinition,WorkTech.Core.Services.Interfaces.DataContracts.WCSecurityGroup)" assertions="5" time="0.000114" status="Passed" classname="WorkTech.Domain.Unit.Tests.Grids.GridDefinitionFixtureBase" />
		<testcase name="Should_have_matching_column_types(WorkTech.Standard.Framework.Grids.GridDefinition,WorkTech.Core.Services.Interfaces.DataContracts.WCSecurityInfo)" assertions="7" time="0.000145" status="Passed" classname="WorkTech.Domain.Unit.Tests.Grids.GridDefinitionFixtureBase" />
		<testcase name="Should_have_matching_column_types(WorkTech.Standard.Framework.Grids.GridDefinition,WorkTech.Core.Services.Interfaces.DataContracts.WCApproverGroup)" assertions="6" time="0.000134" status="Passed" classname="WorkTech.Domain.Unit.Tests.Grids.GridDefinitionFixtureBase" />
		<testcase name="Should_have_matching_column_types(WorkTech.Standard.Framework.Grids.GridDefinition,WorkTech.Core.Services.Interfaces.DataContracts.WCCrew)" assertions="29" time="0.001130" status="Passed" classname="WorkTech.Domain.Unit.Tests.Grids.GridDefinitionFixtureBase" />
		<testcase name="Should_have_matching_column_types(WorkTech.Standard.Framework.Grids.GridDefinition,WorkTech.Core.Services.Interfaces.DataContracts.WCEmployeeCertificate)" assertions="22" time="0.000749" status="Passed" classname="WorkTech.Domain.Unit.Tests.Grids.GridDefinitionFixtureBase" />
		<testcase name="Should_have_matching_column_types(WorkTech.Standard.Framework.Grids.GridDefinition,WorkTech.Core.Services.Interfaces.DataContracts.WCEmployeeCraft)" assertions="8" time="0.000167" status="Passed" classname="WorkTech.Domain.Unit.Tests.Grids.GridDefinitionFixtureBase" />
		<testcase name="Should_have_matching_column_types(WorkTech.Standard.Framework.Grids.GridDefinition,WorkTech.Core.Services.Interfaces.DataContracts.WCCrewAssignment)" assertions="35" time="0.002799" status="Passed" classname="WorkTech.Domain.Unit.Tests.Grids.GridDefinitionFixtureBase" />
		<testcase name="Should_have_matching_column_types(WorkTech.Standard.Framework.Grids.GridDefinition,WorkTech.Core.Services.Interfaces.DataContracts.WCExternalId)" assertions="11" time="0.000263" status="Passed" classname="WorkTech.Domain.Unit.Tests.Grids.GridDefinitionFixtureBase" />
		<testcase name="Should_have_matching_column_types(WorkTech.Standard.Framework.Grids.GridDefinition,WorkTech.Core.Services.Interfaces.DataContracts.WCWorkerWorkSchedule)" assertions="8" time="0.000191" status="Passed" classname="WorkTech.Domain.Unit.Tests.Grids.GridDefinitionFixtureBase" />
		<testcase name="Should_have_matching_column_types(WorkTech.Standard.Framework.Grids.GridDefinition,WorkTech.Core.Services.Interfaces.DataContracts.WCManagedCrew)" assertions="11" time="0.000239" status="Passed" classname="WorkTech.Domain.Unit.Tests.Grids.GridDefinitionFixtureBase" />
		<testcase name="Should_have_matching_column_types(WorkTech.Standard.Framework.Grids.GridDefinition,WorkTech.Core.Services.Interfaces.DataContracts.WCResourceGroup)" assertions="35" time="0.001703" status="Passed" classname="WorkTech.Domain.Unit.Tests.Grids.GridDefinitionFixtureBase" />
		<testcase name="Should_have_matching_column_types(WorkTech.Standard.Framework.Grids.GridDefinition,WorkTech.Core.Services.Interfaces.DataContracts.WCShiftControl)" assertions="5" time="0.000136" status="Passed" classname="WorkTech.Domain.Unit.Tests.Grids.GridDefinitionFixtureBase" />
		<testcase name="Should_have_matching_column_types(WorkTech.Standard.Framework.Grids.GridDefinition,WorkTech.Core.Services.Interfaces.DataContracts.WCShiftHour)" assertions="9" time="0.000190" status="Passed" classname="WorkTech.Domain.Unit.Tests.Grids.GridDefinitionFixtureBase" />
		<testcase name="Should_have_matching_column_types(WorkTech.Standard.Framework.Grids.GridDefinition,WorkTech.Core.Services.Interfaces.DataContracts.WCShift)" assertions="22" time="0.000794" status="Passed" classname="WorkTech.Domain.Unit.Tests.Grids.GridDefinitionFixtureBase" />
		<testcase name="Should_have_matching_column_types(WorkTech.Standard.Framework.Grids.GridDefinition,WorkTech.Core.Services.Interfaces.DataContracts.WCDataEntryGroup)" assertions="6" time="0.000154" status="Passed" classname="WorkTech.Domain.Unit.Tests.Grids.GridDefinitionFixtureBase" />
		<testcase name="Should_have_matching_column_types(WorkTech.Standard.Framework.Grids.GridDefinition,WorkTech.Core.Services.Interfaces.DataContracts.WCDeputyApprover)" assertions="7" time="0.000164" status="Passed" classname="WorkTech.Domain.Unit.Tests.Grids.GridDefinitionFixtureBase" />
		<testcase name="Should_have_matching_column_types(WorkTech.Standard.Framework.Grids.GridDefinition,WorkTech.Core.Services.Interfaces.DataContracts.WCDeputyApprover)" assertions="7" time="0.000113" status="Passed" classname="WorkTech.Domain.Unit.Tests.Grids.GridDefinitionFixtureBase" />
		<testcase name="Should_have_matching_column_types(WorkTech.Standard.Framework.Grids.GridDefinition,WorkTech.Core.Services.Interfaces.DataContracts.WCTransactionApprover)" assertions="7" time="0.000149" status="Passed" classname="WorkTech.Domain.Unit.Tests.Grids.GridDefinitionFixtureBase" />
		<testcase name="Should_have_matching_column_types(WorkTech.Standard.Framework.Grids.GridDefinition,WorkTech.Core.Services.Interfaces.DataContracts.WCUserPreference)" assertions="7" time="0.000160" status="Passed" classname="WorkTech.Domain.Unit.Tests.Grids.GridDefinitionFixtureBase" />
		<testcase name="Should_have_matching_column_types(WorkTech.Standard.Framework.Grids.GridDefinition,WorkTech.Core.Services.Interfaces.DataContracts.WCWorkPatternControl)" assertions="20" time="0.000596" status="Passed" classname="WorkTech.Domain.Unit.Tests.Grids.GridDefinitionFixtureBase" />
		<testcase name="Should_have_matching_column_types(WorkTech.Standard.Framework.Grids.GridDefinition,WorkTech.Core.Services.Interfaces.DataContracts.WCWorkPatternDay)" assertions="6" time="0.000126" status="Passed" classname="WorkTech.Domain.Unit.Tests.Grids.GridDefinitionFixtureBase" />
		<testcase name="Should_have_matching_column_types(WorkTech.Standard.Framework.Grids.GridDefinition,WorkTech.Core.Services.Interfaces.DataContracts.WCWorkPattern)" assertions="8" time="0.001193" status="Passed" classname="WorkTech.Domain.Unit.Tests.Grids.GridDefinitionFixtureBase" />
		<testcase name="Should_have_matching_column_types(WorkTech.Standard.Framework.Grids.GridDefinition,WorkTech.Core.Services.Interfaces.DataContracts.WCEarnType)" assertions="12" time="0.000300" status="Passed" classname="WorkTech.Domain.Unit.Tests.Grids.GridDefinitionFixtureBase" />
		<testcase name="Should_have_matching_column_types(WorkTech.Standard.Framework.Grids.GridDefinition,WorkTech.Core.Services.Interfaces.DataContracts.WCPayPeriod)" assertions="13" time="0.000305" status="Passed" classname="WorkTech.Domain.Unit.Tests.Grids.GridDefinitionFixtureBase" />
		<testcase name="Should_have_matching_column_types(WorkTech.Standard.Framework.Grids.GridDefinition,WorkTech.Core.Services.Interfaces.DataContracts.WCTransactionApprovalStatus)" assertions="14" time="0.000344" status="Passed" classname="WorkTech.Domain.Unit.Tests.Grids.GridDefinitionFixtureBase" />
		<testcase name="Should_have_matching_column_types(WorkTech.Standard.Framework.Grids.GridDefinition,WorkTech.Core.Services.Interfaces.DataContracts.WCTransactionExport)" assertions="9" time="0.000183" status="Passed" classname="WorkTech.Domain.Unit.Tests.Grids.GridDefinitionFixtureBase" />
		<testcase name="Should_have_matching_column_types(WorkTech.Standard.Framework.Grids.GridDefinition,WorkTech.Tracking.Services.Interface.DataContracts.Markup.WCMarkupResource)" assertions="20" time="0.000588" status="Passed" classname="WorkTech.Domain.Unit.Tests.Grids.GridDefinitionFixtureBase" />
		<testcase name="Should_have_matching_column_types(WorkTech.Standard.Framework.Grids.GridDefinition,WorkTech.Tracking.Services.Interface.DataContracts.Material.WCMaterialResource)" assertions="20" time="0.000606" status="Passed" classname="WorkTech.Domain.Unit.Tests.Grids.GridDefinitionFixtureBase" />
		<testcase name="Should_have_matching_column_types(WorkTech.Standard.Framework.Grids.GridDefinition,WorkTech.Tracking.Services.Interface.DataContracts.Rental.WCRentalResource)" assertions="20" time="0.000584" status="Passed" classname="WorkTech.Domain.Unit.Tests.Grids.GridDefinitionFixtureBase" />
		<testcase name="Should_have_matching_column_types(WorkTech.Standard.Framework.Grids.GridDefinition,WorkTech.Core.Services.Interfaces.DataContracts.WCTransactionStatus)" assertions="9" time="0.000200" status="Passed" classname="WorkTech.Domain.Unit.Tests.Grids.GridDefinitionFixtureBase" />
		<testcase name="Should_have_matching_column_types(WorkTech.Standard.Framework.Grids.GridDefinition,WorkTech.Core.Services.Interfaces.DataContracts.WCGateTransitEvent)" assertions="43" time="0.003380" status="Passed" classname="WorkTech.Domain.Unit.Tests.Grids.GridDefinitionFixtureBase" />
	</testsuite>
	<testsuite tests="53" time="0.545782" errors="0" failures="0" skipped="0" timestamp="2022-04-07T15:59:30.3177163Z" name="WorkTech.Domain.Unit.Tests.Grids.">
		<testcase name="Should_populate_row_from_dto(WorkTech.Standard.Framework.Grids.GridDefinition,WorkTech.Core.Services.Interfaces.DataContracts.WCAppMessage)" assertions="9" time="0.324026" status="Passed" classname="WorkTech.Domain.Unit.Tests.Grids.GridDefinitionFixtureBase" />
		<testcase name="Should_populate_row_from_dto(WorkTech.Standard.Framework.Grids.GridDefinition,WorkTech.Core.Services.Interfaces.DataContracts.WCAppSetting)" assertions="8" time="0.008619" status="Passed" classname="WorkTech.Domain.Unit.Tests.Grids.GridDefinitionFixtureBase" />
		<testcase name="Should_populate_row_from_dto(WorkTech.Standard.Framework.Grids.GridDefinition,WorkTech.Core.Services.Interfaces.DataContracts.Automation.WCAutomationTaskSchedule)" assertions="6" time="0.006046" status="Passed" classname="WorkTech.Domain.Unit.Tests.Grids.GridDefinitionFixtureBase" />
		<testcase name="Should_populate_row_from_dto(WorkTech.Standard.Framework.Grids.GridDefinition,WorkTech.Core.Services.Interfaces.DataContracts.WCBreakdownStructureLevel1)" assertions="5" time="0.002743" status="Passed" classname="WorkTech.Domain.Unit.Tests.Grids.GridDefinitionFixtureBase" />
		<testcase name="Should_populate_row_from_dto(WorkTech.Standard.Framework.Grids.GridDefinition,WorkTech.Core.Services.Interfaces.DataContracts.WCBreakdownStructureLevel2)" assertions="6" time="0.002729" status="Passed" classname="WorkTech.Domain.Unit.Tests.Grids.GridDefinitionFixtureBase" />
		<testcase name="Should_populate_row_from_dto(WorkTech.Standard.Framework.Grids.GridDefinition,WorkTech.Core.Services.Interfaces.DataContracts.WCBreakdownStructureLevel3)" assertions="39" time="0.012603" status="Passed" classname="WorkTech.Domain.Unit.Tests.Grids.GridDefinitionFixtureBase" />
		<testcase name="Should_populate_row_from_dto(WorkTech.Standard.Framework.Grids.GridDefinition,WorkTech.Core.Services.Interfaces.DataContracts.WCBusinessUnit)" assertions="31" time="0.005510" status="Passed" classname="WorkTech.Domain.Unit.Tests.Grids.GridDefinitionFixtureBase" />
		<testcase name="Should_populate_row_from_dto(WorkTech.Standard.Framework.Grids.GridDefinition,WorkTech.Core.Services.Interfaces.DataContracts.WCSecurityGroupMember)" assertions="7" time="0.002522" status="Passed" classname="WorkTech.Domain.Unit.Tests.Grids.GridDefinitionFixtureBase" />
		<testcase name="Should_populate_row_from_dto(WorkTech.Standard.Framework.Grids.GridDefinition,WorkTech.Core.Services.Interfaces.DataContracts.WCSecurityGroupMember)" assertions="7" time="0.001612" status="Passed" classname="WorkTech.Domain.Unit.Tests.Grids.GridDefinitionFixtureBase" />
		<testcase name="Should_populate_row_from_dto(WorkTech.Standard.Framework.Grids.GridDefinition,WorkTech.Core.Services.Interfaces.DataContracts.WCSecurityGroupMember)" assertions="7" time="0.002664" status="Passed" classname="WorkTech.Domain.Unit.Tests.Grids.GridDefinitionFixtureBase" />
		<testcase name="Should_populate_row_from_dto(WorkTech.Standard.Framework.Grids.GridDefinition,WorkTech.Core.Services.Interfaces.DataContracts.WCSecurityGroupMember)" assertions="7" time="0.001513" status="Passed" classname="WorkTech.Domain.Unit.Tests.Grids.GridDefinitionFixtureBase" />
		<testcase name="Should_populate_row_from_dto(WorkTech.Standard.Framework.Grids.GridDefinition,WorkTech.Rates.Services.Interface.DataContracts.WCEquipmentInventory)" assertions="29" time="0.005319" status="Passed" classname="WorkTech.Domain.Unit.Tests.Grids.GridDefinitionFixtureBase" />
		<testcase name="Should_populate_row_from_dto(WorkTech.Standard.Framework.Grids.GridDefinition,WorkTech.Core.Services.Interfaces.DataContracts.WCGridAccessItem)" assertions="5" time="0.002177" status="Passed" classname="WorkTech.Domain.Unit.Tests.Grids.GridDefinitionFixtureBase" />
		<testcase name="Should_populate_row_from_dto(WorkTech.Standard.Framework.Grids.GridDefinition,WorkTech.Core.Services.Interfaces.DataContracts.WCGridColumnAccess)" assertions="7" time="0.002231" status="Passed" classname="WorkTech.Domain.Unit.Tests.Grids.GridDefinitionFixtureBase" />
		<testcase name="Should_populate_row_from_dto(WorkTech.Standard.Framework.Grids.GridDefinition,WorkTech.Core.Services.Interfaces.DataContracts.WCNetReport)" assertions="11" time="0.014307" status="Passed" classname="WorkTech.Domain.Unit.Tests.Grids.GridDefinitionFixtureBase" />
		<testcase name="Should_populate_row_from_dto(WorkTech.Standard.Framework.Grids.GridDefinition,WorkTech.Core.Services.Interfaces.DataContracts.WCStructuredList)" assertions="6" time="0.003966" status="Passed" classname="WorkTech.Domain.Unit.Tests.Grids.GridDefinitionFixtureBase" />
		<testcase name="Should_populate_row_from_dto(WorkTech.Standard.Framework.Grids.GridDefinition,WorkTech.Core.Services.Interfaces.DataContracts.WCStructuredListValue)" assertions="7" time="0.002419" status="Passed" classname="WorkTech.Domain.Unit.Tests.Grids.GridDefinitionFixtureBase" />
		<testcase name="Should_populate_row_from_dto(WorkTech.Standard.Framework.Grids.GridDefinition,WorkTech.Core.Services.Interfaces.DataContracts.WCWorkSchedule)" assertions="9" time="0.002488" status="Passed" classname="WorkTech.Domain.Unit.Tests.Grids.GridDefinitionFixtureBase" />
		<testcase name="Should_populate_row_from_dto(WorkTech.Standard.Framework.Grids.GridDefinition,WorkTech.Core.Services.Interfaces.DataContracts.WCApplication)" assertions="6" time="0.003119" status="Passed" classname="WorkTech.Domain.Unit.Tests.Grids.GridDefinitionFixtureBase" />
		<testcase name="Should_populate_row_from_dto(WorkTech.Standard.Framework.Grids.GridDefinition,WorkTech.Core.Services.Interfaces.DataContracts.WCBusinessUnit)" assertions="31" time="0.002252" status="Passed" classname="WorkTech.Domain.Unit.Tests.Grids.GridDefinitionFixtureBase" />
		<testcase name="Should_populate_row_from_dto(WorkTech.Standard.Framework.Grids.GridDefinition,WorkTech.Core.Services.Interfaces.DataContracts.WCCertificate)" assertions="17" time="0.003053" status="Passed" classname="WorkTech.Domain.Unit.Tests.Grids.GridDefinitionFixtureBase" />
		<testcase name="Should_populate_row_from_dto(WorkTech.Standard.Framework.Grids.GridDefinition,WorkTech.Core.Services.Interfaces.DataContracts.WCContractor)" assertions="25" time="0.006150" status="Passed" classname="WorkTech.Domain.Unit.Tests.Grids.GridDefinitionFixtureBase" />
		<testcase name="Should_populate_row_from_dto(WorkTech.Standard.Framework.Grids.GridDefinition,WorkTech.Core.Services.Interfaces.DataContracts.WCSecurityGroup)" assertions="5" time="0.002308" status="Passed" classname="WorkTech.Domain.Unit.Tests.Grids.GridDefinitionFixtureBase" />
		<testcase name="Should_populate_row_from_dto(WorkTech.Standard.Framework.Grids.GridDefinition,WorkTech.Core.Services.Interfaces.DataContracts.WCSecurityInfo)" assertions="7" time="0.002327" status="Passed" classname="WorkTech.Domain.Unit.Tests.Grids.GridDefinitionFixtureBase" />
		<testcase name="Should_populate_row_from_dto(WorkTech.Standard.Framework.Grids.GridDefinition,WorkTech.Core.Services.Interfaces.DataContracts.WCApproverGroup)" assertions="6" time="0.003925" status="Passed" classname="WorkTech.Domain.Unit.Tests.Grids.GridDefinitionFixtureBase" />
		<testcase name="Should_populate_row_from_dto(WorkTech.Standard.Framework.Grids.GridDefinition,WorkTech.Core.Services.Interfaces.DataContracts.WCCrew)" assertions="29" time="0.006434" status="Passed" classname="WorkTech.Domain.Unit.Tests.Grids.GridDefinitionFixtureBase" />
		<testcase name="Should_populate_row_from_dto(WorkTech.Standard.Framework.Grids.GridDefinition,WorkTech.Core.Services.Interfaces.DataContracts.WCEmployeeCertificate)" assertions="22" time="0.003993" status="Passed" classname="WorkTech.Domain.Unit.Tests.Grids.GridDefinitionFixtureBase" />
		<testcase name="Should_populate_row_from_dto(WorkTech.Standard.Framework.Grids.GridDefinition,WorkTech.Core.Services.Interfaces.DataContracts.WCEmployeeCraft)" assertions="8" time="0.002551" status="Passed" classname="WorkTech.Domain.Unit.Tests.Grids.GridDefinitionFixtureBase" />
		<testcase name="Should_populate_row_from_dto(WorkTech.Standard.Framework.Grids.GridDefinition,WorkTech.Core.Services.Interfaces.DataContracts.WCCrewAssignment)" assertions="35" time="0.006779" status="Passed" classname="WorkTech.Domain.Unit.Tests.Grids.GridDefinitionFixtureBase" />
		<testcase name="Should_populate_row_from_dto(WorkTech.Standard.Framework.Grids.GridDefinition,WorkTech.Core.Services.Interfaces.DataContracts.WCExternalId)" assertions="11" time="0.002768" status="Passed" classname="WorkTech.Domain.Unit.Tests.Grids.GridDefinitionFixtureBase" />
		<testcase name="Should_populate_row_from_dto(WorkTech.Standard.Framework.Grids.GridDefinition,WorkTech.Core.Services.Interfaces.DataContracts.WCWorkerWorkSchedule)" assertions="8" time="0.002562" status="Passed" classname="WorkTech.Domain.Unit.Tests.Grids.GridDefinitionFixtureBase" />
		<testcase name="Should_populate_row_from_dto(WorkTech.Standard.Framework.Grids.GridDefinition,WorkTech.Core.Services.Interfaces.DataContracts.WCManagedCrew)" assertions="11" time="0.002627" status="Passed" classname="WorkTech.Domain.Unit.Tests.Grids.GridDefinitionFixtureBase" />
		<testcase name="Should_populate_row_from_dto(WorkTech.Standard.Framework.Grids.GridDefinition,WorkTech.Core.Services.Interfaces.DataContracts.WCResourceGroup)" assertions="35" time="0.006957" status="Passed" classname="WorkTech.Domain.Unit.Tests.Grids.GridDefinitionFixtureBase" />
		<testcase name="Should_populate_row_from_dto(WorkTech.Standard.Framework.Grids.GridDefinition,WorkTech.Core.Services.Interfaces.DataContracts.WCShiftControl)" assertions="5" time="0.002394" status="Passed" classname="WorkTech.Domain.Unit.Tests.Grids.GridDefinitionFixtureBase" />
		<testcase name="Should_populate_row_from_dto(WorkTech.Standard.Framework.Grids.GridDefinition,WorkTech.Core.Services.Interfaces.DataContracts.WCShiftHour)" assertions="9" time="0.005485" status="Passed" classname="WorkTech.Domain.Unit.Tests.Grids.GridDefinitionFixtureBase" />
		<testcase name="Should_populate_row_from_dto(WorkTech.Standard.Framework.Grids.GridDefinition,WorkTech.Core.Services.Interfaces.DataContracts.WCShift)" assertions="22" time="0.005290" status="Passed" classname="WorkTech.Domain.Unit.Tests.Grids.GridDefinitionFixtureBase" />
		<testcase name="Should_populate_row_from_dto(WorkTech.Standard.Framework.Grids.GridDefinition,WorkTech.Core.Services.Interfaces.DataContracts.WCDataEntryGroup)" assertions="6" time="0.002313" status="Passed" classname="WorkTech.Domain.Unit.Tests.Grids.GridDefinitionFixtureBase" />
		<testcase name="Should_populate_row_from_dto(WorkTech.Standard.Framework.Grids.GridDefinition,WorkTech.Core.Services.Interfaces.DataContracts.WCDeputyApprover)" assertions="7" time="0.003223" status="Passed" classname="WorkTech.Domain.Unit.Tests.Grids.GridDefinitionFixtureBase" />
		<testcase name="Should_populate_row_from_dto(WorkTech.Standard.Framework.Grids.GridDefinition,WorkTech.Core.Services.Interfaces.DataContracts.WCDeputyApprover)" assertions="7" time="0.001621" status="Passed" classname="WorkTech.Domain.Unit.Tests.Grids.GridDefinitionFixtureBase" />
		<testcase name="Should_populate_row_from_dto(WorkTech.Standard.Framework.Grids.GridDefinition,WorkTech.Core.Services.Interfaces.DataContracts.WCTransactionApprover)" assertions="7" time="0.002701" status="Passed" classname="WorkTech.Domain.Unit.Tests.Grids.GridDefinitionFixtureBase" />
		<testcase name="Should_populate_row_from_dto(WorkTech.Standard.Framework.Grids.GridDefinition,WorkTech.Core.Services.Interfaces.DataContracts.WCUserPreference)" assertions="7" time="0.004252" status="Passed" classname="WorkTech.Domain.Unit.Tests.Grids.GridDefinitionFixtureBase" />
		<testcase name="Should_populate_row_from_dto(WorkTech.Standard.Framework.Grids.GridDefinition,WorkTech.Core.Services.Interfaces.DataContracts.WCWorkPatternControl)" assertions="20" time="0.003394" status="Passed" classname="WorkTech.Domain.Unit.Tests.Grids.GridDefinitionFixtureBase" />
		<testcase name="Should_populate_row_from_dto(WorkTech.Standard.Framework.Grids.GridDefinition,WorkTech.Core.Services.Interfaces.DataContracts.WCWorkPatternDay)" assertions="6" time="0.002988" status="Passed" classname="WorkTech.Domain.Unit.Tests.Grids.GridDefinitionFixtureBase" />
		<testcase name="Should_populate_row_from_dto(WorkTech.Standard.Framework.Grids.GridDefinition,WorkTech.Core.Services.Interfaces.DataContracts.WCWorkPattern)" assertions="8" time="0.002585" status="Passed" classname="WorkTech.Domain.Unit.Tests.Grids.GridDefinitionFixtureBase" />
		<testcase name="Should_populate_row_from_dto(WorkTech.Standard.Framework.Grids.GridDefinition,WorkTech.Core.Services.Interfaces.DataContracts.WCEarnType)" assertions="12" time="0.005412" status="Passed" classname="WorkTech.Domain.Unit.Tests.Grids.GridDefinitionFixtureBase" />
		<testcase name="Should_populate_row_from_dto(WorkTech.Standard.Framework.Grids.GridDefinition,WorkTech.Core.Services.Interfaces.DataContracts.WCPayPeriod)" assertions="13" time="0.002935" status="Passed" classname="WorkTech.Domain.Unit.Tests.Grids.GridDefinitionFixtureBase" />
		<testcase name="Should_populate_row_from_dto(WorkTech.Standard.Framework.Grids.GridDefinition,WorkTech.Core.Services.Interfaces.DataContracts.WCTransactionApprovalStatus)" assertions="14" time="0.005092" status="Passed" classname="WorkTech.Domain.Unit.Tests.Grids.GridDefinitionFixtureBase" />
		<testcase name="Should_populate_row_from_dto(WorkTech.Standard.Framework.Grids.GridDefinition,WorkTech.Core.Services.Interfaces.DataContracts.WCTransactionExport)" assertions="9" time="0.002655" status="Passed" classname="WorkTech.Domain.Unit.Tests.Grids.GridDefinitionFixtureBase" />
[...]
				at WorkTech.Domain.Unit.Tests.Grids.GridTestHelper.AssertColumnNamesMatchPropertyNames(Grid grid, Type dtoType) in C:\Users\hmarok\core_WorkTech5\Develop\Tests\WorkTech.Domain.Test.Unit\Grids\GridTestHelper.cs:line 21
				at WorkTech.Domain.Unit.Tests.Grids.GridDefinitionFixtureBase.Should_have_all_required_columns(GridDefinition gridDefinition, Type wcType) in C:\Users\hmarok\core_WorkTech5\Develop\Tests\WorkTech.Domain.Test.Unit\Grids\GridDefinitionFixtureBase.cs:line 25
			</failure>
		</testcase>
	</testsuite>
	<testsuite tests="3" time="0.033937" errors="0" failures="0" skipped="0" timestamp="2022-04-07T15:59:31.2119071Z" name="WorkTech.Domain.Unit.Tests.Grids.">
		<testcase name="Should_have_matching_column_types(WorkTech.Standard.Framework.Grids.GridDefinition,WorkTech.Rates.Services.Interface.DataContracts.WCCraft)" assertions="43" time="0.002176" status="Passed" classname="WorkTech.Domain.Unit.Tests.Grids.GridDefinitionFixtureBase" />
		<testcase name="Should_have_matching_column_types(WorkTech.Standard.Framework.Grids.GridDefinition,WorkTech.Rates.Services.Interface.DataContracts.WCCraftRate)" assertions="62" time="0.004124" status="Passed" classname="WorkTech.Domain.Unit.Tests.Grids.GridDefinitionFixtureBase" />
		<testcase name="Should_have_matching_column_types(WorkTech.Standard.Framework.Grids.GridDefinition,WorkTech.Core.Services.Interfaces.DataContracts.WCLaborTransaction)" assertions="160" time="0.027568" status="Passed" classname="WorkTech.Domain.Unit.Tests.Grids.GridDefinitionFixtureBase" />
	</testsuite>
	<testsuite tests="3" time="0.039338" errors="0" failures="0" skipped="0" timestamp="2022-04-07T15:59:31.2459530Z" name="WorkTech.Domain.Unit.Tests.Grids.">
		<testcase name="Should_populate_row_from_dto(WorkTech.Standard.Framework.Grids.GridDefinition,WorkTech.Rates.Services.Interface.DataContracts.WCCraft)" assertions="43" time="0.006946" status="Passed" classname="WorkTech.Domain.Unit.Tests.Grids.GridDefinitionFixtureBase" />
		<testcase name="Should_populate_row_from_dto(WorkTech.Standard.Framework.Grids.GridDefinition,WorkTech.Rates.Services.Interface.DataContracts.WCCraftRate)" assertions="62" time="0.008732" status="Passed" classname="WorkTech.Domain.Unit.Tests.Grids.GridDefinitionFixtureBase" />
		<testcase name="Should_populate_row_from_dto(WorkTech.Standard.Framework.Grids.GridDefinition,WorkTech.Core.Services.Interfaces.DataContracts.WCLaborTransaction)" assertions="160" time="0.023572" status="Passed" classname="WorkTech.Domain.Unit.Tests.Grids.GridDefinitionFixtureBase" />
	</testsuite>
	<testsuite tests="3" time="0.018050" errors="0" failures="0" skipped="0" timestamp="2022-04-07T15:59:31.2849073Z" name="WorkTech.Domain.Unit.Tests.Grids.">
		<testcase name="Should_update_dto_from_row(WorkTech.Standard.Framework.Grids.GridDefinition,WorkTech.Rates.Services.Interface.DataContracts.WCCraft)" assertions="0" time="0.003397" status="Passed" classname="WorkTech.Domain.Unit.Tests.Grids.GridDefinitionFixtureBase" />
		<testcase name="Should_update_dto_from_row(WorkTech.Standard.Framework.Grids.GridDefinition,WorkTech.Rates.Services.Interface.DataContracts.WCCraftRate)" assertions="0" time="0.003425" status="Passed" classname="WorkTech.Domain.Unit.Tests.Grids.GridDefinitionFixtureBase" />
		<testcase name="Should_update_dto_from_row(WorkTech.Standard.Framework.Grids.GridDefinition,WorkTech.Core.Services.Interfaces.DataContracts.WCLaborTransaction)" assertions="0" time="0.011150" status="Passed" classname="WorkTech.Domain.Unit.Tests.Grids.GridDefinitionFixtureBase" />
	</testsuite>
	<testsuite tests="1" time="2.292628" errors="0" failures="0" skipped="0" timestamp="2022-04-07T15:59:31.3029465Z" name="WorkTech.Domain.Unit.Tests.Mapping.">
		<testcase name="AutoMapper_Configuration_IsValid" assertions="0" time="2.292531" status="Passed" classname="WorkTech.Domain.Unit.Tests.Mapping.AutomapperProfileFixture">
			<system-out>
				WorkTech.Standard.AutoMapper.StandardTypesProfile
				WorkTech.Standard.Rates.MappingProfiles.StandardRatesProfile
				WorkTech.Core.Services.Mappings.Profiles.ApplicationProfile
				WorkTech.Core.Services.Mappings.Profiles.ApproverGroupsProfile
				WorkTech.Core.Services.Mappings.Profiles.AutomationProfile
				WorkTech.Core.Services.Mappings.Profiles.BreakdownStructureLevel1Profile
				WorkTech.Core.Services.Mappings.Profiles.BreakdownStructureLevel2Profile
				WorkTech.Core.Services.Mappings.Profiles.BreakdownStructureLevel3Profile
				WorkTech.Core.Services.Mappings.Profiles.BusinessUnitProfile
				WorkTech.Core.Services.Mappings.Profiles.CertificatesProfile
				WorkTech.Core.Services.Mappings.Profiles.ContractGroupProfile
				WorkTech.Core.Services.Mappings.Profiles.CrewsProfile
				WorkTech.Core.Services.Mappings.Profiles.EarnTypeProfile
				WorkTech.Core.Services.Mappings.Profiles.EmployeeInfoProfile
				WorkTech.Core.Services.Mappings.Profiles.FileProfile
				WorkTech.Core.Services.Mappings.Profiles.HolidaySchedulesProfile
				WorkTech.Core.Services.Mappings.Profiles.HolidaysProfile
				WorkTech.Core.Services.Mappings.Profiles.MessageProfile
				WorkTech.Core.Services.Mappings.Profiles.UserPreferenceGroupProfile
				WorkTech.Core.Services.Mappings.Profiles.ObjectStateProfile
				WorkTech.Core.Services.Mappings.Profiles.PayPeriodProfile
				WorkTech.Core.Services.Mappings.Profiles.ResourceGroupsProfile
				WorkTech.Core.Services.Mappings.Profiles.SecurityGroupsProfile
				WorkTech.Core.Services.Mappings.Profiles.ShiftControlProfile
				WorkTech.Core.Services.Mappings.Profiles.ShiftHoursProfile
				WorkTech.Core.Services.Mappings.Profiles.ShiftProfile
				WorkTech.Core.Services.Mappings.Profiles.ValidationResponseProfile
				WorkTech.Core.Services.Mappings.Profiles.WorkPatternControlProfile
				WorkTech.Core.Services.Mappings.Profiles.WorkPatternDaysProfile
				WorkTech.Core.Services.Mappings.Profiles.WorkPatternProfile
				WorkTech.Rates.BusinessLogic.Mappings.ContractGroupProfile
				WorkTech.Rates.Services.MappingProfiles.RatesResourcesServicesProfile
				WorkTech.Rates.Services.MappingProfiles.RatesSchedulesServicesProfile
				WorkTech.Rates.Services.MappingProfiles.RatesServicesProfile
				WorkTech.StaffTime.BusinessLogic.Mappings.EmployeeCertificateProfile
				WorkTech.StaffTime.BusinessLogic.Mappings.EmployeeWorkPatternProfile
				WorkTech.StaffTime.BusinessLogic.Mappings.ShiftProfile
				WorkTech.StaffTime.BusinessLogic.Mappings.WorkerHistoryInfoProfile
				WorkTech.StaffTime.BusinessLogic.Mappings.WorkPatternProfile
				WorkTech.Standard.Tracking.Logic.Mappings.TrackingResourceLogicProfile
				WorkTech.Standard.Tracking.PunchClocks.Mapping.GateTransitEventProfile
				WorkTech.Standard.Tracking.PunchClocks.Mapping.W3LaborTransProfile
				WorkTech.Standard.Tracking.PunchClocks.Mapping.WCLaborTransactionProfile
				WorkTech.Tracking.BusinessLogic.Mappings.HoursTypeProfile
				WorkTech.Tracking.BusinessLogic.Mappings.TransactionMessageProfile
				WorkTech.Tracking.Services.Mappings.RentalTrackingProfile
				WorkTech.Tracking.Services.Mappings.MaterialTrackingProfile
				WorkTech.Tracking.Services.Mappings.MarkupTrackingProfile
				WorkTech.Tracking.Services.Mappings.LaborTrackingProfile
				WorkTech.Tracking.Services.Mappings.TrackingResourceGroupProfile
				WorkTech.Tracking.Services.Mappings.TrackingTransactionProfile
				WorkTech.Tracking.Services.Mappings.TrackingResourceProfile
			</system-out>
		</testcase>
	</testsuite>
	<testsuite tests="3" time="0.269534" errors="0" failures="0" skipped="0" timestamp="2022-04-07T15:59:33.5952694Z" name="WorkTech.Domain.Unit.Tests.Mapping.Tracking.">
		<testcase name="Mapping_from_ITransaction_to_WCLaborTransaction_works" assertions="0" time="0.093184" status="Passed" classname="WorkTech.Domain.Unit.Tests.Mapping.Tracking.LaborTrackingProfileFixture" />
		<testcase name="Mapping_from_WCLaborTransaction_to_ITransaction_works" assertions="0" time="0.145436" status="Passed" classname="WorkTech.Domain.Unit.Tests.Mapping.Tracking.LaborTrackingProfileFixture" />
		<testcase name="Profile_Configuration_IsValid" assertions="0" time="0.030709" status="Passed" classname="WorkTech.Domain.Unit.Tests.Mapping.TransactionLogic.ProfileFixtureBase`1" />
	</testsuite>
	<testsuite tests="3" time="0.000777" errors="0" failures="0" skipped="3" timestamp="2022-04-07T15:59:33.8652817Z" name="WorkTech.Domain.Unit.Tests.Mapping.Tracking.">
		<testcase name="Mapping_from_ITransaction_to_WCMarkupTransaction_works" assertions="0" time="0.000767" status="Skipped" classname="WorkTech.Domain.Unit.Tests.Mapping.Tracking.MarkupTrackingProfileFixture" />
		<testcase name="Mapping_from_WCMarkupTransaction_to_ITransaction_works" assertions="0" time="0.000774" status="Skipped" classname="WorkTech.Domain.Unit.Tests.Mapping.Tracking.MarkupTrackingProfileFixture" />
		<testcase name="Profile_Configuration_IsValid" assertions="0" time="0.000776" status="Skipped" classname="WorkTech.Domain.Unit.Tests.Mapping.TransactionLogic.ProfileFixtureBase`1" />
	</testsuite>
	<testsuite tests="3" time="0.000013" errors="0" failures="0" skipped="3" timestamp="2022-04-07T15:59:33.8662729Z" name="WorkTech.Domain.Unit.Tests.Mapping.Tracking.">
		<testcase name="Mapping_from_ITransaction_to_WCMaterialTransaction_works" assertions="0" time="0.000008" status="Skipped" classname="WorkTech.Domain.Unit.Tests.Mapping.Tracking.MaterialTrackingProfileFixture" />
		<testcase name="Mapping_from_WCMaterialTransaction_to_ITransaction_works" assertions="0" time="0.000010" status="Skipped" classname="WorkTech.Domain.Unit.Tests.Mapping.Tracking.MaterialTrackingProfileFixture" />
		<testcase name="Profile_Configuration_IsValid" assertions="0" time="0.000012" status="Skipped" classname="WorkTech.Domain.Unit.Tests.Mapping.TransactionLogic.ProfileFixtureBase`1" />
	</testsuite>
	<testsuite tests="3" time="0.000006" errors="0" failures="0" skipped="3" timestamp="2022-04-07T15:59:33.8662729Z" name="WorkTech.Domain.Unit.Tests.Mapping.Tracking.">
		<testcase name="Mapping_from_ITransaction_to_WCRentalTransaction_works" assertions="0" time="0.000002" status="Skipped" classname="WorkTech.Domain.Unit.Tests.Mapping.Tracking.RentalTrackingProfileFixture" />
		<testcase name="Mapping_from_WCRentalTransaction_to_ITransaction_works" assertions="0" time="0.000004" status="Skipped" classname="WorkTech.Domain.Unit.Tests.Mapping.Tracking.RentalTrackingProfileFixture" />
		<testcase name="Profile_Configuration_IsValid" assertions="0" time="0.000005" status="Skipped" classname="WorkTech.Domain.Unit.Tests.Mapping.TransactionLogic.ProfileFixtureBase`1" />
	</testsuite>
	<testsuite tests="3" time="0.334028" errors="0" failures="0" skipped="0" timestamp="2022-04-07T15:59:33.8662729Z" name="WorkTech.Domain.Unit.Tests.Mapping.TransactionLogic.">
		<testcase name="Mapping_ITransaction_to_WCWorkerTransaction" assertions="3" time="0.173030" status="Passed" classname="WorkTech.Domain.Unit.Tests.Mapping.TransactionLogic.LaborTransactionProfileFixture" />
		<testcase name="Mapping_WCLaborTransaction_to_ITransaction" assertions="2" time="0.121962" status="Passed" classname="WorkTech.Domain.Unit.Tests.Mapping.TransactionLogic.LaborTransactionProfileFixture" />
		<testcase name="Profile_Configuration_IsValid" assertions="0" time="0.038779" status="Passed" classname="WorkTech.Domain.Unit.Tests.Mapping.TransactionLogic.TransactionProfileFixtureBase`2" />
	</testsuite>
	<testsuite tests="3" time="0.217196" errors="0" failures="0" skipped="0" timestamp="2022-04-07T15:59:34.2003420Z" name="WorkTech.Domain.Unit.Tests.Mapping.TransactionLogic.">
		<testcase name="Mapping_ITransaction_to_WCMarkupTransaction" assertions="4" time="0.092536" status="Passed" classname="WorkTech.Domain.Unit.Tests.Mapping.TransactionLogic.MarkupTransactionProfileFixture" />
		<testcase name="Mapping_WCMarkupTransaction_to_ITransaction" assertions="3" time="0.095505" status="Passed" classname="WorkTech.Domain.Unit.Tests.Mapping.TransactionLogic.MarkupTransactionProfileFixture" />
		<testcase name="Profile_Configuration_IsValid" assertions="0" time="0.028903" status="Passed" classname="WorkTech.Domain.Unit.Tests.Mapping.TransactionLogic.TransactionProfileFixtureBase`2" />
	</testsuite>
	<testsuite tests="3" time="0.308917" errors="0" failures="0" skipped="0" timestamp="2022-04-07T15:59:34.4173792Z" name="WorkTech.Domain.Unit.Tests.Mapping.TransactionLogic.">
		<testcase name="Mapping_ITransaction_to_WCMaterialTransaction" assertions="4" time="0.165711" status="Passed" classname="WorkTech.Domain.Unit.Tests.Mapping.TransactionLogic.MaterialTransactionProfileFixture" />
		<testcase name="Mapping_WCMaterialTransaction_to_ITransaction" assertions="3" time="0.110202" status="Passed" classname="WorkTech.Domain.Unit.Tests.Mapping.TransactionLogic.MaterialTransactionProfileFixture" />
		<testcase name="Profile_Configuration_IsValid" assertions="0" time="0.032752" status="Passed" classname="WorkTech.Domain.Unit.Tests.Mapping.TransactionLogic.TransactionProfileFixtureBase`2" />
	</testsuite>
	<testsuite tests="3" time="0.241392" errors="0" failures="0" skipped="0" timestamp="2022-04-07T15:59:34.7265466Z" name="WorkTech.Domain.Unit.Tests.Mapping.TransactionLogic.">
		<testcase name="Mapping_ITransaction_to_WCRentalTransaction" assertions="4" time="0.105144" status="Passed" classname="WorkTech.Domain.Unit.Tests.Mapping.TransactionLogic.RentalTransactionProfileFixture" />
		<testcase name="Mapping_WCRentalTransaction_to_ITransaction" assertions="3" time="0.104487" status="Passed" classname="WorkTech.Domain.Unit.Tests.Mapping.TransactionLogic.RentalTransactionProfileFixture" />
		<testcase name="Profile_Configuration_IsValid" assertions="0" time="0.031520" status="Passed" classname="WorkTech.Domain.Unit.Tests.Mapping.TransactionLogic.TransactionProfileFixtureBase`2" />
	</testsuite>
	<testsuite tests="4" time="20.080892" errors="0" failures="2" skipped="0" timestamp="2022-04-07T15:59:34.9672993Z" name="WorkTech.Domain.Unit.Tests.Messaging.">
		<testcase name="Connection_Fails_ReConnects" assertions="1" time="5.044847" status="Passed" classname="WorkTech.Domain.Unit.Tests.Messaging.HeartbeatFixture" />
		<testcase name="Connection_Succeeds_Connects" assertions="1" time="5.023578" status="Failed" classname="WorkTech.Domain.Unit.Tests.Messaging.HeartbeatFixture">
			<failure message="  Expected: 1&#xD;&#xA;  But was:  29&#xD;&#xA;">
				at WorkTech.Domain.Unit.Tests.Messaging.HeartbeatFixture.Connection_Succeeds_Connects() in C:\Users\hmarok\core_WorkTech5\Develop\Tests\WorkTech.Domain.Test.Unit\Messaging\HeartbeatFixture.cs:line 52
			</failure>
		</testcase>
		<testcase name="Hearbeat_Fails_Reconnect" assertions="1" time="5.002884" status="Passed" classname="WorkTech.Domain.Unit.Tests.Messaging.HeartbeatFixture" />
		<testcase name="Heartbeat_Succeeds_NoReconnect" assertions="1" time="5.009278" status="Failed" classname="WorkTech.Domain.Unit.Tests.Messaging.HeartbeatFixture">
			<failure message="  Expected: 0&#xD;&#xA;  But was:  193&#xD;&#xA;">
				at WorkTech.Domain.Unit.Tests.Messaging.HeartbeatFixture.Heartbeat_Succeeds_NoReconnect() in C:\Users\hmarok\core_WorkTech5\Develop\Tests\WorkTech.Domain.Test.Unit\Messaging\HeartbeatFixture.cs:line 80
			</failure>
		</testcase>
	</testsuite>
	<testsuite tests="7" time="0.001771" errors="0" failures="0" skipped="0" timestamp="2022-04-07T15:59:55.0491161Z" name="WorkTech.Domain.Unit.Tests.Tracking.PunchClocks.">
		<testcase name="Given15MinuteRounding_WhenEndTimeRounded_ShouldMatchExpected(&quot;11:15:00&quot;,&quot;N&quot;,&quot;11:15:00&quot;)" assertions="1" time="0.001278" status="Passed" classname="WorkTech.Domain.Unit.Tests.Tracking.PunchClocks.ClockDateTimeHelperFixture" />
		<testcase name="Given15MinuteRounding_WhenEndTimeRounded_ShouldMatchExpected(&quot;11:07:29&quot;,&quot;N&quot;,&quot;11:00:00&quot;)" assertions="1" time="0.000057" status="Passed" classname="WorkTech.Domain.Unit.Tests.Tracking.PunchClocks.ClockDateTimeHelperFixture" />
		<testcase name="Given15MinuteRounding_WhenEndTimeRounded_ShouldMatchExpected(&quot;11:07:30&quot;,&quot;N&quot;,&quot;11:15:00&quot;)" assertions="1" time="0.000041" status="Passed" classname="WorkTech.Domain.Unit.Tests.Tracking.PunchClocks.ClockDateTimeHelperFixture" />
		<testcase name="Given15MinuteRounding_WhenEndTimeRounded_ShouldMatchExpected(&quot;11:15:00&quot;,&quot;F&quot;,&quot;11:15:00&quot;)" assertions="1" time="0.000127" status="Passed" classname="WorkTech.Domain.Unit.Tests.Tracking.PunchClocks.ClockDateTimeHelperFixture" />
		<testcase name="Given15MinuteRounding_WhenEndTimeRounded_ShouldMatchExpected(&quot;11:01:00&quot;,&quot;F&quot;,&quot;11:15:00&quot;)" assertions="1" time="0.000046" status="Passed" classname="WorkTech.Domain.Unit.Tests.Tracking.PunchClocks.ClockDateTimeHelperFixture" />
		<testcase name="Given15MinuteRounding_WhenEndTimeRounded_ShouldMatchExpected(&quot;11:15:00&quot;,&quot;B&quot;,&quot;11:15:00&quot;)" assertions="1" time="0.000108" status="Passed" classname="WorkTech.Domain.Unit.Tests.Tracking.PunchClocks.ClockDateTimeHelperFixture" />
		<testcase name="Given15MinuteRounding_WhenEndTimeRounded_ShouldMatchExpected(&quot;11:14:59&quot;,&quot;B&quot;,&quot;11:00:00&quot;)" assertions="1" time="0.000046" status="Passed" classname="WorkTech.Domain.Unit.Tests.Tracking.PunchClocks.ClockDateTimeHelperFixture" />
	</testsuite>
	<testsuite tests="7" time="0.000633" errors="0" failures="0" skipped="0" timestamp="2022-04-07T15:59:55.0501217Z" name="WorkTech.Domain.Unit.Tests.Tracking.PunchClocks.">
		<testcase name="Given15MinuteRounding_WhenStartTimeRounded_ShouldMatchExpected(&quot;11:15:00&quot;,&quot;N&quot;,&quot;11:15:00&quot;)" assertions="1" time="0.000300" status="Passed" classname="WorkTech.Domain.Unit.Tests.Tracking.PunchClocks.ClockDateTimeHelperFixture" />
		<testcase name="Given15MinuteRounding_WhenStartTimeRounded_ShouldMatchExpected(&quot;11:07:29&quot;,&quot;N&quot;,&quot;11:00:00&quot;)" assertions="1" time="0.000052" status="Passed" classname="WorkTech.Domain.Unit.Tests.Tracking.PunchClocks.ClockDateTimeHelperFixture" />
		<testcase name="Given15MinuteRounding_WhenStartTimeRounded_ShouldMatchExpected(&quot;11:07:30&quot;,&quot;N&quot;,&quot;11:15:00&quot;)" assertions="1" time="0.000053" status="Passed" classname="WorkTech.Domain.Unit.Tests.Tracking.PunchClocks.ClockDateTimeHelperFixture" />
		<testcase name="Given15MinuteRounding_WhenStartTimeRounded_ShouldMatchExpected(&quot;11:15:00&quot;,&quot;F&quot;,&quot;11:15:00&quot;)" assertions="1" time="0.000043" status="Passed" classname="WorkTech.Domain.Unit.Tests.Tracking.PunchClocks.ClockDateTimeHelperFixture" />
		<testcase name="Given15MinuteRounding_WhenStartTimeRounded_ShouldMatchExpected(&quot;11:01:00&quot;,&quot;F&quot;,&quot;11:15:00&quot;)" assertions="1" time="0.000046" status="Passed" classname="WorkTech.Domain.Unit.Tests.Tracking.PunchClocks.ClockDateTimeHelperFixture" />
		<testcase name="Given15MinuteRounding_WhenStartTimeRounded_ShouldMatchExpected(&quot;11:15:00&quot;,&quot;B&quot;,&quot;11:15:00&quot;)" assertions="1" time="0.000040" status="Passed" classname="WorkTech.Domain.Unit.Tests.Tracking.PunchClocks.ClockDateTimeHelperFixture" />
		<testcase name="Given15MinuteRounding_WhenStartTimeRounded_ShouldMatchExpected(&quot;11:14:59&quot;,&quot;B&quot;,&quot;11:00:00&quot;)" assertions="1" time="0.000039" status="Passed" classname="WorkTech.Domain.Unit.Tests.Tracking.PunchClocks.ClockDateTimeHelperFixture" />
	</testsuite>
</testsuites>